Grammaire

    0 $accept: Program $end

    1 Program: Functions

    2 Functions: Function Functions
    3          | Main

    4 Function: Type tID tPOUV Params tPFERM Body

    5 Main: Type tMAIN tPOUV tPFERM Body

    6 Body: tAOUV Decls Insts tAFER

    7 Type: tINT

    8 Params: Param
    9       | Param tVIRG Params

   10 Param: Type tID

   11 Decls: Decl Decls
   12      | %empty

   13 Decl: Type Ids tSEMCOL
   14     | tCONST Type Ids tSEMCOL

   15 Ids: tID
   16    | tID tVIRG Ids

   17 Insts: Inst Insts
   18      | %empty

   19 Inst: Affect
   20     | tPRINT tPOUV tSTR tPFERM tSEMCOL

   21 Affect: tID tEQ Operations tSEMCOL

   22 Operations: Operation Operations
   23           | Operation

   24 Operation: tNB
   25          | tNB Op Operation
   26          | tID Op Operation
   27          | tID

   28 Op: tPLUS
   29   | tMOINS
   30   | tDIV
   31   | tMUL


Terminaux, suivis des règles où ils apparaissent

    $end (0) 0
    error (256)
    tMAIN (258) 5
    tAOUV (259) 6
    tAFER (260) 6
    tCONST (261) 14
    tINT (262) 7
    tPLUS (263) 28
    tMOINS (264) 29
    tMUL (265) 31
    tDIV (266) 30
    tEQ (267) 21
    tPOUV (268) 4 5 20
    tPFERM (269) 4 5 20
    tVIRG (270) 9 16
    tSEMCOL (271) 13 14 20 21
    tPRINT (272) 20
    tNB <nb> (273) 24 25
    tSTR <str> (274) 20
    tID <id> (275) 4 10 15 16 21 26 27


Non-terminaux, suivis des règles où ils apparaissent

    $accept (21)
        à gauche: 0
    Program (22)
        à gauche: 1
        à droite: 0
    Functions (23)
        à gauche: 2 3
        à droite: 1 2
    Function (24)
        à gauche: 4
        à droite: 2
    Main (25)
        à gauche: 5
        à droite: 3
    Body (26)
        à gauche: 6
        à droite: 4 5
    Type (27)
        à gauche: 7
        à droite: 4 5 10 13 14
    Params (28)
        à gauche: 8 9
        à droite: 4 9
    Param (29)
        à gauche: 10
        à droite: 8 9
    Decls (30)
        à gauche: 11 12
        à droite: 6 11
    Decl (31)
        à gauche: 13 14
        à droite: 11
    Ids (32)
        à gauche: 15 16
        à droite: 13 14 16
    Insts (33)
        à gauche: 17 18
        à droite: 6 17
    Inst (34)
        à gauche: 19 20
        à droite: 17
    Affect (35)
        à gauche: 21
        à droite: 19
    Operations (36)
        à gauche: 22 23
        à droite: 21 22
    Operation (37)
        à gauche: 24 25 26 27
        à droite: 22 23 25 26
    Op (38)
        à gauche: 28 29 30 31
        à droite: 25 26


État 0

    0 $accept: . Program $end

    tINT  décalage et aller à l'état 1

    Program    aller à l'état 2
    Functions  aller à l'état 3
    Function   aller à l'état 4
    Main       aller à l'état 5
    Type       aller à l'état 6


État 1

    7 Type: tINT .

    $défaut  réduction par utilisation de la règle 7 (Type)


État 2

    0 $accept: Program . $end

    $end  décalage et aller à l'état 7


État 3

    1 Program: Functions .

    $défaut  réduction par utilisation de la règle 1 (Program)


État 4

    2 Functions: Function . Functions

    tINT  décalage et aller à l'état 1

    Functions  aller à l'état 8
    Function   aller à l'état 4
    Main       aller à l'état 5
    Type       aller à l'état 6


État 5

    3 Functions: Main .

    $défaut  réduction par utilisation de la règle 3 (Functions)


État 6

    4 Function: Type . tID tPOUV Params tPFERM Body
    5 Main: Type . tMAIN tPOUV tPFERM Body

    tMAIN  décalage et aller à l'état 9
    tID    décalage et aller à l'état 10


État 7

    0 $accept: Program $end .

    $défaut  accepter


État 8

    2 Functions: Function Functions .

    $défaut  réduction par utilisation de la règle 2 (Functions)


État 9

    5 Main: Type tMAIN . tPOUV tPFERM Body

    tPOUV  décalage et aller à l'état 11


État 10

    4 Function: Type tID . tPOUV Params tPFERM Body

    tPOUV  décalage et aller à l'état 12


État 11

    5 Main: Type tMAIN tPOUV . tPFERM Body

    tPFERM  décalage et aller à l'état 13


État 12

    4 Function: Type tID tPOUV . Params tPFERM Body

    tINT  décalage et aller à l'état 1

    Type    aller à l'état 14
    Params  aller à l'état 15
    Param   aller à l'état 16


État 13

    5 Main: Type tMAIN tPOUV tPFERM . Body

    tAOUV  décalage et aller à l'état 17

    Body  aller à l'état 18


État 14

   10 Param: Type . tID

    tID  décalage et aller à l'état 19


État 15

    4 Function: Type tID tPOUV Params . tPFERM Body

    tPFERM  décalage et aller à l'état 20


État 16

    8 Params: Param .
    9       | Param . tVIRG Params

    tVIRG  décalage et aller à l'état 21

    $défaut  réduction par utilisation de la règle 8 (Params)


État 17

    6 Body: tAOUV . Decls Insts tAFER

    tCONST  décalage et aller à l'état 22
    tINT    décalage et aller à l'état 1

    $défaut  réduction par utilisation de la règle 12 (Decls)

    Type   aller à l'état 23
    Decls  aller à l'état 24
    Decl   aller à l'état 25


État 18

    5 Main: Type tMAIN tPOUV tPFERM Body .

    $défaut  réduction par utilisation de la règle 5 (Main)


État 19

   10 Param: Type tID .

    $défaut  réduction par utilisation de la règle 10 (Param)


État 20

    4 Function: Type tID tPOUV Params tPFERM . Body

    tAOUV  décalage et aller à l'état 17

    Body  aller à l'état 26


État 21

    9 Params: Param tVIRG . Params

    tINT  décalage et aller à l'état 1

    Type    aller à l'état 14
    Params  aller à l'état 27
    Param   aller à l'état 16


État 22

   14 Decl: tCONST . Type Ids tSEMCOL

    tINT  décalage et aller à l'état 1

    Type  aller à l'état 28


État 23

   13 Decl: Type . Ids tSEMCOL

    tID  décalage et aller à l'état 29

    Ids  aller à l'état 30


État 24

    6 Body: tAOUV Decls . Insts tAFER

    tPRINT  décalage et aller à l'état 31
    tID     décalage et aller à l'état 32

    $défaut  réduction par utilisation de la règle 18 (Insts)

    Insts   aller à l'état 33
    Inst    aller à l'état 34
    Affect  aller à l'état 35


État 25

   11 Decls: Decl . Decls

    tCONST  décalage et aller à l'état 22
    tINT    décalage et aller à l'état 1

    $défaut  réduction par utilisation de la règle 12 (Decls)

    Type   aller à l'état 23
    Decls  aller à l'état 36
    Decl   aller à l'état 25


État 26

    4 Function: Type tID tPOUV Params tPFERM Body .

    $défaut  réduction par utilisation de la règle 4 (Function)


État 27

    9 Params: Param tVIRG Params .

    $défaut  réduction par utilisation de la règle 9 (Params)


État 28

   14 Decl: tCONST Type . Ids tSEMCOL

    tID  décalage et aller à l'état 29

    Ids  aller à l'état 37


État 29

   15 Ids: tID .
   16    | tID . tVIRG Ids

    tVIRG  décalage et aller à l'état 38

    $défaut  réduction par utilisation de la règle 15 (Ids)


État 30

   13 Decl: Type Ids . tSEMCOL

    tSEMCOL  décalage et aller à l'état 39


État 31

   20 Inst: tPRINT . tPOUV tSTR tPFERM tSEMCOL

    tPOUV  décalage et aller à l'état 40


État 32

   21 Affect: tID . tEQ Operations tSEMCOL

    tEQ  décalage et aller à l'état 41


État 33

    6 Body: tAOUV Decls Insts . tAFER

    tAFER  décalage et aller à l'état 42


État 34

   17 Insts: Inst . Insts

    tPRINT  décalage et aller à l'état 31
    tID     décalage et aller à l'état 32

    $défaut  réduction par utilisation de la règle 18 (Insts)

    Insts   aller à l'état 43
    Inst    aller à l'état 34
    Affect  aller à l'état 35


État 35

   19 Inst: Affect .

    $défaut  réduction par utilisation de la règle 19 (Inst)


État 36

   11 Decls: Decl Decls .

    $défaut  réduction par utilisation de la règle 11 (Decls)


État 37

   14 Decl: tCONST Type Ids . tSEMCOL

    tSEMCOL  décalage et aller à l'état 44


État 38

   16 Ids: tID tVIRG . Ids

    tID  décalage et aller à l'état 29

    Ids  aller à l'état 45


État 39

   13 Decl: Type Ids tSEMCOL .

    $défaut  réduction par utilisation de la règle 13 (Decl)


État 40

   20 Inst: tPRINT tPOUV . tSTR tPFERM tSEMCOL

    tSTR  décalage et aller à l'état 46


État 41

   21 Affect: tID tEQ . Operations tSEMCOL

    tNB  décalage et aller à l'état 47
    tID  décalage et aller à l'état 48

    Operations  aller à l'état 49
    Operation   aller à l'état 50


État 42

    6 Body: tAOUV Decls Insts tAFER .

    $défaut  réduction par utilisation de la règle 6 (Body)


État 43

   17 Insts: Inst Insts .

    $défaut  réduction par utilisation de la règle 17 (Insts)


État 44

   14 Decl: tCONST Type Ids tSEMCOL .

    $défaut  réduction par utilisation de la règle 14 (Decl)


État 45

   16 Ids: tID tVIRG Ids .

    $défaut  réduction par utilisation de la règle 16 (Ids)


État 46

   20 Inst: tPRINT tPOUV tSTR . tPFERM tSEMCOL

    tPFERM  décalage et aller à l'état 51


État 47

   24 Operation: tNB .
   25          | tNB . Op Operation

    tPLUS   décalage et aller à l'état 52
    tMOINS  décalage et aller à l'état 53
    tMUL    décalage et aller à l'état 54
    tDIV    décalage et aller à l'état 55

    $défaut  réduction par utilisation de la règle 24 (Operation)

    Op  aller à l'état 56


État 48

   26 Operation: tID . Op Operation
   27          | tID .

    tPLUS   décalage et aller à l'état 52
    tMOINS  décalage et aller à l'état 53
    tMUL    décalage et aller à l'état 54
    tDIV    décalage et aller à l'état 55

    $défaut  réduction par utilisation de la règle 27 (Operation)

    Op  aller à l'état 57


État 49

   21 Affect: tID tEQ Operations . tSEMCOL

    tSEMCOL  décalage et aller à l'état 58


État 50

   22 Operations: Operation . Operations
   23           | Operation .

    tNB  décalage et aller à l'état 47
    tID  décalage et aller à l'état 48

    $défaut  réduction par utilisation de la règle 23 (Operations)

    Operations  aller à l'état 59
    Operation   aller à l'état 50


État 51

   20 Inst: tPRINT tPOUV tSTR tPFERM . tSEMCOL

    tSEMCOL  décalage et aller à l'état 60


État 52

   28 Op: tPLUS .

    $défaut  réduction par utilisation de la règle 28 (Op)


État 53

   29 Op: tMOINS .

    $défaut  réduction par utilisation de la règle 29 (Op)


État 54

   31 Op: tMUL .

    $défaut  réduction par utilisation de la règle 31 (Op)


État 55

   30 Op: tDIV .

    $défaut  réduction par utilisation de la règle 30 (Op)


État 56

   25 Operation: tNB Op . Operation

    tNB  décalage et aller à l'état 47
    tID  décalage et aller à l'état 48

    Operation  aller à l'état 61


État 57

   26 Operation: tID Op . Operation

    tNB  décalage et aller à l'état 47
    tID  décalage et aller à l'état 48

    Operation  aller à l'état 62


État 58

   21 Affect: tID tEQ Operations tSEMCOL .

    $défaut  réduction par utilisation de la règle 21 (Affect)


État 59

   22 Operations: Operation Operations .

    $défaut  réduction par utilisation de la règle 22 (Operations)


État 60

   20 Inst: tPRINT tPOUV tSTR tPFERM tSEMCOL .

    $défaut  réduction par utilisation de la règle 20 (Inst)


État 61

   25 Operation: tNB Op Operation .

    $défaut  réduction par utilisation de la règle 25 (Operation)


État 62

   26 Operation: tID Op Operation .

    $défaut  réduction par utilisation de la règle 26 (Operation)
