Vivado Simulator 2018.2
Time resolution is 1 ps
Note: cas 2
Time: 20 ns  Iteration: 1  Process: /test_CheminDesDonnees/Label_uut/line__127  File: /home/omre/4A/projetAutomEtHW/projet/Systeme_info/Systeme_info/PartieHardware/PartieHW/PartieHW.srcs/sources_1/new/Pipeline.vhd
Note: cas 2
Time: 24 ns  Iteration: 1  Process: /test_CheminDesDonnees/Label_uut/line__127  File: /home/omre/4A/projetAutomEtHW/projet/Systeme_info/Systeme_info/PartieHardware/PartieHW/PartieHW.srcs/sources_1/new/Pipeline.vhd
Note: cas 2
Time: 28 ns  Iteration: 1  Process: /test_CheminDesDonnees/Label_uut/line__127  File: /home/omre/4A/projetAutomEtHW/projet/Systeme_info/Systeme_info/PartieHardware/PartieHW/PartieHW.srcs/sources_1/new/Pipeline.vhd
Note: cas 2
Time: 32 ns  Iteration: 1  Process: /test_CheminDesDonnees/Label_uut/line__127  File: /home/omre/4A/projetAutomEtHW/projet/Systeme_info/Systeme_info/PartieHardware/PartieHW/PartieHW.srcs/sources_1/new/Pipeline.vhd
Note: cas 2
Time: 36 ns  Iteration: 1  Process: /test_CheminDesDonnees/Label_uut/line__127  File: /home/omre/4A/projetAutomEtHW/projet/Systeme_info/Systeme_info/PartieHardware/PartieHW/PartieHW.srcs/sources_1/new/Pipeline.vhd
Note: cas 2
Time: 40 ns  Iteration: 1  Process: /test_CheminDesDonnees/Label_uut/line__127  File: /home/omre/4A/projetAutomEtHW/projet/Systeme_info/Systeme_info/PartieHardware/PartieHW/PartieHW.srcs/sources_1/new/Pipeline.vhd
Note: cas 1
Time: 44 ns  Iteration: 1  Process: /test_CheminDesDonnees/Label_uut/line__127  File: /home/omre/4A/projetAutomEtHW/projet/Systeme_info/Systeme_info/PartieHardware/PartieHW/PartieHW.srcs/sources_1/new/Pipeline.vhd
Note: cas 4
Time: 48 ns  Iteration: 1  Process: /test_CheminDesDonnees/Label_uut/line__127  File: /home/omre/4A/projetAutomEtHW/projet/Systeme_info/Systeme_info/PartieHardware/PartieHW/PartieHW.srcs/sources_1/new/Pipeline.vhd
Note: cas 3
Time: 52 ns  Iteration: 1  Process: /test_CheminDesDonnees/Label_uut/line__127  File: /home/omre/4A/projetAutomEtHW/projet/Systeme_info/Systeme_info/PartieHardware/PartieHW/PartieHW.srcs/sources_1/new/Pipeline.vhd
Note: cas 2
Time: 56 ns  Iteration: 1  Process: /test_CheminDesDonnees/Label_uut/line__127  File: /home/omre/4A/projetAutomEtHW/projet/Systeme_info/Systeme_info/PartieHardware/PartieHW/PartieHW.srcs/sources_1/new/Pipeline.vhd
Note: cas 2
Time: 60 ns  Iteration: 1  Process: /test_CheminDesDonnees/Label_uut/line__127  File: /home/omre/4A/projetAutomEtHW/projet/Systeme_info/Systeme_info/PartieHardware/PartieHW/PartieHW.srcs/sources_1/new/Pipeline.vhd
Note: cas 2
Time: 64 ns  Iteration: 1  Process: /test_CheminDesDonnees/Label_uut/line__127  File: /home/omre/4A/projetAutomEtHW/projet/Systeme_info/Systeme_info/PartieHardware/PartieHW/PartieHW.srcs/sources_1/new/Pipeline.vhd
Note: cas 2
Time: 68 ns  Iteration: 1  Process: /test_CheminDesDonnees/Label_uut/line__127  File: /home/omre/4A/projetAutomEtHW/projet/Systeme_info/Systeme_info/PartieHardware/PartieHW/PartieHW.srcs/sources_1/new/Pipeline.vhd
Note: cas 2
Time: 72 ns  Iteration: 1  Process: /test_CheminDesDonnees/Label_uut/line__127  File: /home/omre/4A/projetAutomEtHW/projet/Systeme_info/Systeme_info/PartieHardware/PartieHW/PartieHW.srcs/sources_1/new/Pipeline.vhd
Note: cas 2
Time: 76 ns  Iteration: 1  Process: /test_CheminDesDonnees/Label_uut/line__127  File: /home/omre/4A/projetAutomEtHW/projet/Systeme_info/Systeme_info/PartieHardware/PartieHW/PartieHW.srcs/sources_1/new/Pipeline.vhd
Note: cas 2
Time: 80 ns  Iteration: 1  Process: /test_CheminDesDonnees/Label_uut/line__127  File: /home/omre/4A/projetAutomEtHW/projet/Systeme_info/Systeme_info/PartieHardware/PartieHW/PartieHW.srcs/sources_1/new/Pipeline.vhd
Note: cas 2
Time: 84 ns  Iteration: 1  Process: /test_CheminDesDonnees/Label_uut/line__127  File: /home/omre/4A/projetAutomEtHW/projet/Systeme_info/Systeme_info/PartieHardware/PartieHW/PartieHW.srcs/sources_1/new/Pipeline.vhd
Note: cas 2
Time: 88 ns  Iteration: 1  Process: /test_CheminDesDonnees/Label_uut/line__127  File: /home/omre/4A/projetAutomEtHW/projet/Systeme_info/Systeme_info/PartieHardware/PartieHW/PartieHW.srcs/sources_1/new/Pipeline.vhd
Note: cas 2
Time: 92 ns  Iteration: 1  Process: /test_CheminDesDonnees/Label_uut/line__127  File: /home/omre/4A/projetAutomEtHW/projet/Systeme_info/Systeme_info/PartieHardware/PartieHW/PartieHW.srcs/sources_1/new/Pipeline.vhd
Note: cas 2
Time: 96 ns  Iteration: 1  Process: /test_CheminDesDonnees/Label_uut/line__127  File: /home/omre/4A/projetAutomEtHW/projet/Systeme_info/Systeme_info/PartieHardware/PartieHW/PartieHW.srcs/sources_1/new/Pipeline.vhd
Note: cas 2
Time: 100 ns  Iteration: 1  Process: /test_CheminDesDonnees/Label_uut/line__127  File: /home/omre/4A/projetAutomEtHW/projet/Systeme_info/Systeme_info/PartieHardware/PartieHW/PartieHW.srcs/sources_1/new/Pipeline.vhd
Note: cas 2
Time: 104 ns  Iteration: 1  Process: /test_CheminDesDonnees/Label_uut/line__127  File: /home/omre/4A/projetAutomEtHW/projet/Systeme_info/Systeme_info/PartieHardware/PartieHW/PartieHW.srcs/sources_1/new/Pipeline.vhd
Note: cas 2
Time: 108 ns  Iteration: 1  Process: /test_CheminDesDonnees/Label_uut/line__127  File: /home/omre/4A/projetAutomEtHW/projet/Systeme_info/Systeme_info/PartieHardware/PartieHW/PartieHW.srcs/sources_1/new/Pipeline.vhd
Note: cas 2
Time: 112 ns  Iteration: 1  Process: /test_CheminDesDonnees/Label_uut/line__127  File: /home/omre/4A/projetAutomEtHW/projet/Systeme_info/Systeme_info/PartieHardware/PartieHW/PartieHW.srcs/sources_1/new/Pipeline.vhd
Note: cas 2
Time: 116 ns  Iteration: 1  Process: /test_CheminDesDonnees/Label_uut/line__127  File: /home/omre/4A/projetAutomEtHW/projet/Systeme_info/Systeme_info/PartieHardware/PartieHW/PartieHW.srcs/sources_1/new/Pipeline.vhd
Note: cas 2
Time: 120 ns  Iteration: 1  Process: /test_CheminDesDonnees/Label_uut/line__127  File: /home/omre/4A/projetAutomEtHW/projet/Systeme_info/Systeme_info/PartieHardware/PartieHW/PartieHW.srcs/sources_1/new/Pipeline.vhd
Note: cas 1
Time: 124 ns  Iteration: 1  Process: /test_CheminDesDonnees/Label_uut/line__127  File: /home/omre/4A/projetAutomEtHW/projet/Systeme_info/Systeme_info/PartieHardware/PartieHW/PartieHW.srcs/sources_1/new/Pipeline.vhd
Note: cas 4
Time: 128 ns  Iteration: 1  Process: /test_CheminDesDonnees/Label_uut/line__127  File: /home/omre/4A/projetAutomEtHW/projet/Systeme_info/Systeme_info/PartieHardware/PartieHW/PartieHW.srcs/sources_1/new/Pipeline.vhd
Note: cas 3
Time: 132 ns  Iteration: 1  Process: /test_CheminDesDonnees/Label_uut/line__127  File: /home/omre/4A/projetAutomEtHW/projet/Systeme_info/Systeme_info/PartieHardware/PartieHW/PartieHW.srcs/sources_1/new/Pipeline.vhd
Note: cas 2
Time: 136 ns  Iteration: 1  Process: /test_CheminDesDonnees/Label_uut/line__127  File: /home/omre/4A/projetAutomEtHW/projet/Systeme_info/Systeme_info/PartieHardware/PartieHW/PartieHW.srcs/sources_1/new/Pipeline.vhd
Note: cas 2
Time: 140 ns  Iteration: 1  Process: /test_CheminDesDonnees/Label_uut/line__127  File: /home/omre/4A/projetAutomEtHW/projet/Systeme_info/Systeme_info/PartieHardware/PartieHW/PartieHW.srcs/sources_1/new/Pipeline.vhd
Note: cas 2
Time: 144 ns  Iteration: 1  Process: /test_CheminDesDonnees/Label_uut/line__127  File: /home/omre/4A/projetAutomEtHW/projet/Systeme_info/Systeme_info/PartieHardware/PartieHW/PartieHW.srcs/sources_1/new/Pipeline.vhd
Note: cas 2
Time: 148 ns  Iteration: 1  Process: /test_CheminDesDonnees/Label_uut/line__127  File: /home/omre/4A/projetAutomEtHW/projet/Systeme_info/Systeme_info/PartieHardware/PartieHW/PartieHW.srcs/sources_1/new/Pipeline.vhd
Note: cas 2
Time: 152 ns  Iteration: 1  Process: /test_CheminDesDonnees/Label_uut/line__127  File: /home/omre/4A/projetAutomEtHW/projet/Systeme_info/Systeme_info/PartieHardware/PartieHW/PartieHW.srcs/sources_1/new/Pipeline.vhd
Note: cas 2
Time: 156 ns  Iteration: 1  Process: /test_CheminDesDonnees/Label_uut/line__127  File: /home/omre/4A/projetAutomEtHW/projet/Systeme_info/Systeme_info/PartieHardware/PartieHW/PartieHW.srcs/sources_1/new/Pipeline.vhd
Note: cas 2
Time: 160 ns  Iteration: 1  Process: /test_CheminDesDonnees/Label_uut/line__127  File: /home/omre/4A/projetAutomEtHW/projet/Systeme_info/Systeme_info/PartieHardware/PartieHW/PartieHW.srcs/sources_1/new/Pipeline.vhd
Note: cas 2
Time: 164 ns  Iteration: 1  Process: /test_CheminDesDonnees/Label_uut/line__127  File: /home/omre/4A/projetAutomEtHW/projet/Systeme_info/Systeme_info/PartieHardware/PartieHW/PartieHW.srcs/sources_1/new/Pipeline.vhd
Note: cas 2
Time: 168 ns  Iteration: 1  Process: /test_CheminDesDonnees/Label_uut/line__127  File: /home/omre/4A/projetAutomEtHW/projet/Systeme_info/Systeme_info/PartieHardware/PartieHW/PartieHW.srcs/sources_1/new/Pipeline.vhd
Note: cas 2
Time: 172 ns  Iteration: 1  Process: /test_CheminDesDonnees/Label_uut/line__127  File: /home/omre/4A/projetAutomEtHW/projet/Systeme_info/Systeme_info/PartieHardware/PartieHW/PartieHW.srcs/sources_1/new/Pipeline.vhd
Note: cas 2
Time: 176 ns  Iteration: 1  Process: /test_CheminDesDonnees/Label_uut/line__127  File: /home/omre/4A/projetAutomEtHW/projet/Systeme_info/Systeme_info/PartieHardware/PartieHW/PartieHW.srcs/sources_1/new/Pipeline.vhd
Note: cas 2
Time: 180 ns  Iteration: 1  Process: /test_CheminDesDonnees/Label_uut/line__127  File: /home/omre/4A/projetAutomEtHW/projet/Systeme_info/Systeme_info/PartieHardware/PartieHW/PartieHW.srcs/sources_1/new/Pipeline.vhd
Note: cas 2
Time: 184 ns  Iteration: 1  Process: /test_CheminDesDonnees/Label_uut/line__127  File: /home/omre/4A/projetAutomEtHW/projet/Systeme_info/Systeme_info/PartieHardware/PartieHW/PartieHW.srcs/sources_1/new/Pipeline.vhd
Note: cas 2
Time: 188 ns  Iteration: 1  Process: /test_CheminDesDonnees/Label_uut/line__127  File: /home/omre/4A/projetAutomEtHW/projet/Systeme_info/Systeme_info/PartieHardware/PartieHW/PartieHW.srcs/sources_1/new/Pipeline.vhd
Note: cas 2
Time: 192 ns  Iteration: 1  Process: /test_CheminDesDonnees/Label_uut/line__127  File: /home/omre/4A/projetAutomEtHW/projet/Systeme_info/Systeme_info/PartieHardware/PartieHW/PartieHW.srcs/sources_1/new/Pipeline.vhd
Note: cas 2
Time: 196 ns  Iteration: 1  Process: /test_CheminDesDonnees/Label_uut/line__127  File: /home/omre/4A/projetAutomEtHW/projet/Systeme_info/Systeme_info/PartieHardware/PartieHW/PartieHW.srcs/sources_1/new/Pipeline.vhd
Note: cas 2
Time: 200 ns  Iteration: 1  Process: /test_CheminDesDonnees/Label_uut/line__127  File: /home/omre/4A/projetAutomEtHW/projet/Systeme_info/Systeme_info/PartieHardware/PartieHW/PartieHW.srcs/sources_1/new/Pipeline.vhd
Note: cas 1
Time: 204 ns  Iteration: 1  Process: /test_CheminDesDonnees/Label_uut/line__127  File: /home/omre/4A/projetAutomEtHW/projet/Systeme_info/Systeme_info/PartieHardware/PartieHW/PartieHW.srcs/sources_1/new/Pipeline.vhd
Note: cas 4
Time: 208 ns  Iteration: 1  Process: /test_CheminDesDonnees/Label_uut/line__127  File: /home/omre/4A/projetAutomEtHW/projet/Systeme_info/Systeme_info/PartieHardware/PartieHW/PartieHW.srcs/sources_1/new/Pipeline.vhd
Note: cas 3
Time: 212 ns  Iteration: 1  Process: /test_CheminDesDonnees/Label_uut/line__127  File: /home/omre/4A/projetAutomEtHW/projet/Systeme_info/Systeme_info/PartieHardware/PartieHW/PartieHW.srcs/sources_1/new/Pipeline.vhd
Note: cas 2
Time: 216 ns  Iteration: 1  Process: /test_CheminDesDonnees/Label_uut/line__127  File: /home/omre/4A/projetAutomEtHW/projet/Systeme_info/Systeme_info/PartieHardware/PartieHW/PartieHW.srcs/sources_1/new/Pipeline.vhd
Note: cas 2
Time: 220 ns  Iteration: 1  Process: /test_CheminDesDonnees/Label_uut/line__127  File: /home/omre/4A/projetAutomEtHW/projet/Systeme_info/Systeme_info/PartieHardware/PartieHW/PartieHW.srcs/sources_1/new/Pipeline.vhd
Note: cas 2
Time: 224 ns  Iteration: 1  Process: /test_CheminDesDonnees/Label_uut/line__127  File: /home/omre/4A/projetAutomEtHW/projet/Systeme_info/Systeme_info/PartieHardware/PartieHW/PartieHW.srcs/sources_1/new/Pipeline.vhd
Note: cas 2
Time: 228 ns  Iteration: 1  Process: /test_CheminDesDonnees/Label_uut/line__127  File: /home/omre/4A/projetAutomEtHW/projet/Systeme_info/Systeme_info/PartieHardware/PartieHW/PartieHW.srcs/sources_1/new/Pipeline.vhd
Note: cas 2
Time: 232 ns  Iteration: 1  Process: /test_CheminDesDonnees/Label_uut/line__127  File: /home/omre/4A/projetAutomEtHW/projet/Systeme_info/Systeme_info/PartieHardware/PartieHW/PartieHW.srcs/sources_1/new/Pipeline.vhd
Note: cas 2
Time: 236 ns  Iteration: 1  Process: /test_CheminDesDonnees/Label_uut/line__127  File: /home/omre/4A/projetAutomEtHW/projet/Systeme_info/Systeme_info/PartieHardware/PartieHW/PartieHW.srcs/sources_1/new/Pipeline.vhd
Note: cas 2
Time: 240 ns  Iteration: 1  Process: /test_CheminDesDonnees/Label_uut/line__127  File: /home/omre/4A/projetAutomEtHW/projet/Systeme_info/Systeme_info/PartieHardware/PartieHW/PartieHW.srcs/sources_1/new/Pipeline.vhd
Note: cas 2
Time: 244 ns  Iteration: 1  Process: /test_CheminDesDonnees/Label_uut/line__127  File: /home/omre/4A/projetAutomEtHW/projet/Systeme_info/Systeme_info/PartieHardware/PartieHW/PartieHW.srcs/sources_1/new/Pipeline.vhd
Note: cas 2
Time: 248 ns  Iteration: 1  Process: /test_CheminDesDonnees/Label_uut/line__127  File: /home/omre/4A/projetAutomEtHW/projet/Systeme_info/Systeme_info/PartieHardware/PartieHW/PartieHW.srcs/sources_1/new/Pipeline.vhd
Note: cas 2
Time: 252 ns  Iteration: 1  Process: /test_CheminDesDonnees/Label_uut/line__127  File: /home/omre/4A/projetAutomEtHW/projet/Systeme_info/Systeme_info/PartieHardware/PartieHW/PartieHW.srcs/sources_1/new/Pipeline.vhd
Note: cas 2
Time: 256 ns  Iteration: 1  Process: /test_CheminDesDonnees/Label_uut/line__127  File: /home/omre/4A/projetAutomEtHW/projet/Systeme_info/Systeme_info/PartieHardware/PartieHW/PartieHW.srcs/sources_1/new/Pipeline.vhd
Note: cas 2
Time: 260 ns  Iteration: 1  Process: /test_CheminDesDonnees/Label_uut/line__127  File: /home/omre/4A/projetAutomEtHW/projet/Systeme_info/Systeme_info/PartieHardware/PartieHW/PartieHW.srcs/sources_1/new/Pipeline.vhd
Note: cas 2
Time: 264 ns  Iteration: 1  Process: /test_CheminDesDonnees/Label_uut/line__127  File: /home/omre/4A/projetAutomEtHW/projet/Systeme_info/Systeme_info/PartieHardware/PartieHW/PartieHW.srcs/sources_1/new/Pipeline.vhd
Note: cas 2
Time: 268 ns  Iteration: 1  Process: /test_CheminDesDonnees/Label_uut/line__127  File: /home/omre/4A/projetAutomEtHW/projet/Systeme_info/Systeme_info/PartieHardware/PartieHW/PartieHW.srcs/sources_1/new/Pipeline.vhd
Note: cas 2
Time: 272 ns  Iteration: 1  Process: /test_CheminDesDonnees/Label_uut/line__127  File: /home/omre/4A/projetAutomEtHW/projet/Systeme_info/Systeme_info/PartieHardware/PartieHW/PartieHW.srcs/sources_1/new/Pipeline.vhd
Note: cas 2
Time: 276 ns  Iteration: 1  Process: /test_CheminDesDonnees/Label_uut/line__127  File: /home/omre/4A/projetAutomEtHW/projet/Systeme_info/Systeme_info/PartieHardware/PartieHW/PartieHW.srcs/sources_1/new/Pipeline.vhd
Note: cas 2
Time: 280 ns  Iteration: 1  Process: /test_CheminDesDonnees/Label_uut/line__127  File: /home/omre/4A/projetAutomEtHW/projet/Systeme_info/Systeme_info/PartieHardware/PartieHW/PartieHW.srcs/sources_1/new/Pipeline.vhd
Note: cas 1
Time: 284 ns  Iteration: 1  Process: /test_CheminDesDonnees/Label_uut/line__127  File: /home/omre/4A/projetAutomEtHW/projet/Systeme_info/Systeme_info/PartieHardware/PartieHW/PartieHW.srcs/sources_1/new/Pipeline.vhd
Note: cas 4
Time: 288 ns  Iteration: 1  Process: /test_CheminDesDonnees/Label_uut/line__127  File: /home/omre/4A/projetAutomEtHW/projet/Systeme_info/Systeme_info/PartieHardware/PartieHW/PartieHW.srcs/sources_1/new/Pipeline.vhd
Note: cas 3
Time: 292 ns  Iteration: 1  Process: /test_CheminDesDonnees/Label_uut/line__127  File: /home/omre/4A/projetAutomEtHW/projet/Systeme_info/Systeme_info/PartieHardware/PartieHW/PartieHW.srcs/sources_1/new/Pipeline.vhd
Note: cas 2
Time: 296 ns  Iteration: 1  Process: /test_CheminDesDonnees/Label_uut/line__127  File: /home/omre/4A/projetAutomEtHW/projet/Systeme_info/Systeme_info/PartieHardware/PartieHW/PartieHW.srcs/sources_1/new/Pipeline.vhd
Note: cas 2
Time: 300 ns  Iteration: 1  Process: /test_CheminDesDonnees/Label_uut/line__127  File: /home/omre/4A/projetAutomEtHW/projet/Systeme_info/Systeme_info/PartieHardware/PartieHW/PartieHW.srcs/sources_1/new/Pipeline.vhd
Note: cas 2
Time: 304 ns  Iteration: 1  Process: /test_CheminDesDonnees/Label_uut/line__127  File: /home/omre/4A/projetAutomEtHW/projet/Systeme_info/Systeme_info/PartieHardware/PartieHW/PartieHW.srcs/sources_1/new/Pipeline.vhd
Note: cas 2
Time: 308 ns  Iteration: 1  Process: /test_CheminDesDonnees/Label_uut/line__127  File: /home/omre/4A/projetAutomEtHW/projet/Systeme_info/Systeme_info/PartieHardware/PartieHW/PartieHW.srcs/sources_1/new/Pipeline.vhd
Note: cas 2
Time: 312 ns  Iteration: 1  Process: /test_CheminDesDonnees/Label_uut/line__127  File: /home/omre/4A/projetAutomEtHW/projet/Systeme_info/Systeme_info/PartieHardware/PartieHW/PartieHW.srcs/sources_1/new/Pipeline.vhd
Note: cas 2
Time: 316 ns  Iteration: 1  Process: /test_CheminDesDonnees/Label_uut/line__127  File: /home/omre/4A/projetAutomEtHW/projet/Systeme_info/Systeme_info/PartieHardware/PartieHW/PartieHW.srcs/sources_1/new/Pipeline.vhd
Note: cas 2
Time: 320 ns  Iteration: 1  Process: /test_CheminDesDonnees/Label_uut/line__127  File: /home/omre/4A/projetAutomEtHW/projet/Systeme_info/Systeme_info/PartieHardware/PartieHW/PartieHW.srcs/sources_1/new/Pipeline.vhd
Note: cas 2
Time: 324 ns  Iteration: 1  Process: /test_CheminDesDonnees/Label_uut/line__127  File: /home/omre/4A/projetAutomEtHW/projet/Systeme_info/Systeme_info/PartieHardware/PartieHW/PartieHW.srcs/sources_1/new/Pipeline.vhd
Note: cas 2
Time: 328 ns  Iteration: 1  Process: /test_CheminDesDonnees/Label_uut/line__127  File: /home/omre/4A/projetAutomEtHW/projet/Systeme_info/Systeme_info/PartieHardware/PartieHW/PartieHW.srcs/sources_1/new/Pipeline.vhd
Note: cas 2
Time: 332 ns  Iteration: 1  Process: /test_CheminDesDonnees/Label_uut/line__127  File: /home/omre/4A/projetAutomEtHW/projet/Systeme_info/Systeme_info/PartieHardware/PartieHW/PartieHW.srcs/sources_1/new/Pipeline.vhd
Note: cas 2
Time: 336 ns  Iteration: 1  Process: /test_CheminDesDonnees/Label_uut/line__127  File: /home/omre/4A/projetAutomEtHW/projet/Systeme_info/Systeme_info/PartieHardware/PartieHW/PartieHW.srcs/sources_1/new/Pipeline.vhd
Note: cas 2
Time: 340 ns  Iteration: 1  Process: /test_CheminDesDonnees/Label_uut/line__127  File: /home/omre/4A/projetAutomEtHW/projet/Systeme_info/Systeme_info/PartieHardware/PartieHW/PartieHW.srcs/sources_1/new/Pipeline.vhd
Note: cas 2
Time: 344 ns  Iteration: 1  Process: /test_CheminDesDonnees/Label_uut/line__127  File: /home/omre/4A/projetAutomEtHW/projet/Systeme_info/Systeme_info/PartieHardware/PartieHW/PartieHW.srcs/sources_1/new/Pipeline.vhd
Note: cas 2
Time: 348 ns  Iteration: 1  Process: /test_CheminDesDonnees/Label_uut/line__127  File: /home/omre/4A/projetAutomEtHW/projet/Systeme_info/Systeme_info/PartieHardware/PartieHW/PartieHW.srcs/sources_1/new/Pipeline.vhd
Note: cas 2
Time: 352 ns  Iteration: 1  Process: /test_CheminDesDonnees/Label_uut/line__127  File: /home/omre/4A/projetAutomEtHW/projet/Systeme_info/Systeme_info/PartieHardware/PartieHW/PartieHW.srcs/sources_1/new/Pipeline.vhd
Note: cas 2
Time: 356 ns  Iteration: 1  Process: /test_CheminDesDonnees/Label_uut/line__127  File: /home/omre/4A/projetAutomEtHW/projet/Systeme_info/Systeme_info/PartieHardware/PartieHW/PartieHW.srcs/sources_1/new/Pipeline.vhd
Note: cas 2
Time: 360 ns  Iteration: 1  Process: /test_CheminDesDonnees/Label_uut/line__127  File: /home/omre/4A/projetAutomEtHW/projet/Systeme_info/Systeme_info/PartieHardware/PartieHW/PartieHW.srcs/sources_1/new/Pipeline.vhd
Note: cas 1
Time: 364 ns  Iteration: 1  Process: /test_CheminDesDonnees/Label_uut/line__127  File: /home/omre/4A/projetAutomEtHW/projet/Systeme_info/Systeme_info/PartieHardware/PartieHW/PartieHW.srcs/sources_1/new/Pipeline.vhd
Note: cas 4
Time: 368 ns  Iteration: 1  Process: /test_CheminDesDonnees/Label_uut/line__127  File: /home/omre/4A/projetAutomEtHW/projet/Systeme_info/Systeme_info/PartieHardware/PartieHW/PartieHW.srcs/sources_1/new/Pipeline.vhd
Note: cas 3
Time: 372 ns  Iteration: 1  Process: /test_CheminDesDonnees/Label_uut/line__127  File: /home/omre/4A/projetAutomEtHW/projet/Systeme_info/Systeme_info/PartieHardware/PartieHW/PartieHW.srcs/sources_1/new/Pipeline.vhd
Note: cas 2
Time: 376 ns  Iteration: 1  Process: /test_CheminDesDonnees/Label_uut/line__127  File: /home/omre/4A/projetAutomEtHW/projet/Systeme_info/Systeme_info/PartieHardware/PartieHW/PartieHW.srcs/sources_1/new/Pipeline.vhd
Note: cas 2
Time: 380 ns  Iteration: 1  Process: /test_CheminDesDonnees/Label_uut/line__127  File: /home/omre/4A/projetAutomEtHW/projet/Systeme_info/Systeme_info/PartieHardware/PartieHW/PartieHW.srcs/sources_1/new/Pipeline.vhd
Note: cas 2
Time: 384 ns  Iteration: 1  Process: /test_CheminDesDonnees/Label_uut/line__127  File: /home/omre/4A/projetAutomEtHW/projet/Systeme_info/Systeme_info/PartieHardware/PartieHW/PartieHW.srcs/sources_1/new/Pipeline.vhd
Note: cas 2
Time: 388 ns  Iteration: 1  Process: /test_CheminDesDonnees/Label_uut/line__127  File: /home/omre/4A/projetAutomEtHW/projet/Systeme_info/Systeme_info/PartieHardware/PartieHW/PartieHW.srcs/sources_1/new/Pipeline.vhd
Note: cas 2
Time: 392 ns  Iteration: 1  Process: /test_CheminDesDonnees/Label_uut/line__127  File: /home/omre/4A/projetAutomEtHW/projet/Systeme_info/Systeme_info/PartieHardware/PartieHW/PartieHW.srcs/sources_1/new/Pipeline.vhd
Note: cas 2
Time: 396 ns  Iteration: 1  Process: /test_CheminDesDonnees/Label_uut/line__127  File: /home/omre/4A/projetAutomEtHW/projet/Systeme_info/Systeme_info/PartieHardware/PartieHW/PartieHW.srcs/sources_1/new/Pipeline.vhd
Note: cas 2
Time: 400 ns  Iteration: 1  Process: /test_CheminDesDonnees/Label_uut/line__127  File: /home/omre/4A/projetAutomEtHW/projet/Systeme_info/Systeme_info/PartieHardware/PartieHW/PartieHW.srcs/sources_1/new/Pipeline.vhd
Note: cas 2
Time: 404 ns  Iteration: 1  Process: /test_CheminDesDonnees/Label_uut/line__127  File: /home/omre/4A/projetAutomEtHW/projet/Systeme_info/Systeme_info/PartieHardware/PartieHW/PartieHW.srcs/sources_1/new/Pipeline.vhd
Note: cas 2
Time: 408 ns  Iteration: 1  Process: /test_CheminDesDonnees/Label_uut/line__127  File: /home/omre/4A/projetAutomEtHW/projet/Systeme_info/Systeme_info/PartieHardware/PartieHW/PartieHW.srcs/sources_1/new/Pipeline.vhd
Note: cas 2
Time: 412 ns  Iteration: 1  Process: /test_CheminDesDonnees/Label_uut/line__127  File: /home/omre/4A/projetAutomEtHW/projet/Systeme_info/Systeme_info/PartieHardware/PartieHW/PartieHW.srcs/sources_1/new/Pipeline.vhd
Note: cas 2
Time: 416 ns  Iteration: 1  Process: /test_CheminDesDonnees/Label_uut/line__127  File: /home/omre/4A/projetAutomEtHW/projet/Systeme_info/Systeme_info/PartieHardware/PartieHW/PartieHW.srcs/sources_1/new/Pipeline.vhd
Note: cas 2
Time: 420 ns  Iteration: 1  Process: /test_CheminDesDonnees/Label_uut/line__127  File: /home/omre/4A/projetAutomEtHW/projet/Systeme_info/Systeme_info/PartieHardware/PartieHW/PartieHW.srcs/sources_1/new/Pipeline.vhd
Note: cas 2
Time: 424 ns  Iteration: 1  Process: /test_CheminDesDonnees/Label_uut/line__127  File: /home/omre/4A/projetAutomEtHW/projet/Systeme_info/Systeme_info/PartieHardware/PartieHW/PartieHW.srcs/sources_1/new/Pipeline.vhd
Note: cas 2
Time: 428 ns  Iteration: 1  Process: /test_CheminDesDonnees/Label_uut/line__127  File: /home/omre/4A/projetAutomEtHW/projet/Systeme_info/Systeme_info/PartieHardware/PartieHW/PartieHW.srcs/sources_1/new/Pipeline.vhd
Note: cas 2
Time: 432 ns  Iteration: 1  Process: /test_CheminDesDonnees/Label_uut/line__127  File: /home/omre/4A/projetAutomEtHW/projet/Systeme_info/Systeme_info/PartieHardware/PartieHW/PartieHW.srcs/sources_1/new/Pipeline.vhd
Note: cas 2
Time: 436 ns  Iteration: 1  Process: /test_CheminDesDonnees/Label_uut/line__127  File: /home/omre/4A/projetAutomEtHW/projet/Systeme_info/Systeme_info/PartieHardware/PartieHW/PartieHW.srcs/sources_1/new/Pipeline.vhd
Note: cas 2
Time: 440 ns  Iteration: 1  Process: /test_CheminDesDonnees/Label_uut/line__127  File: /home/omre/4A/projetAutomEtHW/projet/Systeme_info/Systeme_info/PartieHardware/PartieHW/PartieHW.srcs/sources_1/new/Pipeline.vhd
Note: cas 1
Time: 444 ns  Iteration: 1  Process: /test_CheminDesDonnees/Label_uut/line__127  File: /home/omre/4A/projetAutomEtHW/projet/Systeme_info/Systeme_info/PartieHardware/PartieHW/PartieHW.srcs/sources_1/new/Pipeline.vhd
Note: cas 4
Time: 448 ns  Iteration: 1  Process: /test_CheminDesDonnees/Label_uut/line__127  File: /home/omre/4A/projetAutomEtHW/projet/Systeme_info/Systeme_info/PartieHardware/PartieHW/PartieHW.srcs/sources_1/new/Pipeline.vhd
Note: cas 3
Time: 452 ns  Iteration: 1  Process: /test_CheminDesDonnees/Label_uut/line__127  File: /home/omre/4A/projetAutomEtHW/projet/Systeme_info/Systeme_info/PartieHardware/PartieHW/PartieHW.srcs/sources_1/new/Pipeline.vhd
Note: cas 2
Time: 456 ns  Iteration: 1  Process: /test_CheminDesDonnees/Label_uut/line__127  File: /home/omre/4A/projetAutomEtHW/projet/Systeme_info/Systeme_info/PartieHardware/PartieHW/PartieHW.srcs/sources_1/new/Pipeline.vhd
Note: cas 2
Time: 460 ns  Iteration: 1  Process: /test_CheminDesDonnees/Label_uut/line__127  File: /home/omre/4A/projetAutomEtHW/projet/Systeme_info/Systeme_info/PartieHardware/PartieHW/PartieHW.srcs/sources_1/new/Pipeline.vhd
Note: cas 2
Time: 464 ns  Iteration: 1  Process: /test_CheminDesDonnees/Label_uut/line__127  File: /home/omre/4A/projetAutomEtHW/projet/Systeme_info/Systeme_info/PartieHardware/PartieHW/PartieHW.srcs/sources_1/new/Pipeline.vhd
Note: cas 2
Time: 468 ns  Iteration: 1  Process: /test_CheminDesDonnees/Label_uut/line__127  File: /home/omre/4A/projetAutomEtHW/projet/Systeme_info/Systeme_info/PartieHardware/PartieHW/PartieHW.srcs/sources_1/new/Pipeline.vhd
Note: cas 2
Time: 472 ns  Iteration: 1  Process: /test_CheminDesDonnees/Label_uut/line__127  File: /home/omre/4A/projetAutomEtHW/projet/Systeme_info/Systeme_info/PartieHardware/PartieHW/PartieHW.srcs/sources_1/new/Pipeline.vhd
Note: cas 2
Time: 476 ns  Iteration: 1  Process: /test_CheminDesDonnees/Label_uut/line__127  File: /home/omre/4A/projetAutomEtHW/projet/Systeme_info/Systeme_info/PartieHardware/PartieHW/PartieHW.srcs/sources_1/new/Pipeline.vhd
Note: cas 2
Time: 480 ns  Iteration: 1  Process: /test_CheminDesDonnees/Label_uut/line__127  File: /home/omre/4A/projetAutomEtHW/projet/Systeme_info/Systeme_info/PartieHardware/PartieHW/PartieHW.srcs/sources_1/new/Pipeline.vhd
Note: cas 2
Time: 484 ns  Iteration: 1  Process: /test_CheminDesDonnees/Label_uut/line__127  File: /home/omre/4A/projetAutomEtHW/projet/Systeme_info/Systeme_info/PartieHardware/PartieHW/PartieHW.srcs/sources_1/new/Pipeline.vhd
Note: cas 2
Time: 488 ns  Iteration: 1  Process: /test_CheminDesDonnees/Label_uut/line__127  File: /home/omre/4A/projetAutomEtHW/projet/Systeme_info/Systeme_info/PartieHardware/PartieHW/PartieHW.srcs/sources_1/new/Pipeline.vhd
Note: cas 2
Time: 492 ns  Iteration: 1  Process: /test_CheminDesDonnees/Label_uut/line__127  File: /home/omre/4A/projetAutomEtHW/projet/Systeme_info/Systeme_info/PartieHardware/PartieHW/PartieHW.srcs/sources_1/new/Pipeline.vhd
Note: cas 2
Time: 496 ns  Iteration: 1  Process: /test_CheminDesDonnees/Label_uut/line__127  File: /home/omre/4A/projetAutomEtHW/projet/Systeme_info/Systeme_info/PartieHardware/PartieHW/PartieHW.srcs/sources_1/new/Pipeline.vhd
Note: cas 2
Time: 500 ns  Iteration: 1  Process: /test_CheminDesDonnees/Label_uut/line__127  File: /home/omre/4A/projetAutomEtHW/projet/Systeme_info/Systeme_info/PartieHardware/PartieHW/PartieHW.srcs/sources_1/new/Pipeline.vhd
Note: cas 2
Time: 504 ns  Iteration: 1  Process: /test_CheminDesDonnees/Label_uut/line__127  File: /home/omre/4A/projetAutomEtHW/projet/Systeme_info/Systeme_info/PartieHardware/PartieHW/PartieHW.srcs/sources_1/new/Pipeline.vhd
Note: cas 2
Time: 508 ns  Iteration: 1  Process: /test_CheminDesDonnees/Label_uut/line__127  File: /home/omre/4A/projetAutomEtHW/projet/Systeme_info/Systeme_info/PartieHardware/PartieHW/PartieHW.srcs/sources_1/new/Pipeline.vhd
Note: cas 2
Time: 512 ns  Iteration: 1  Process: /test_CheminDesDonnees/Label_uut/line__127  File: /home/omre/4A/projetAutomEtHW/projet/Systeme_info/Systeme_info/PartieHardware/PartieHW/PartieHW.srcs/sources_1/new/Pipeline.vhd
Note: cas 2
Time: 516 ns  Iteration: 1  Process: /test_CheminDesDonnees/Label_uut/line__127  File: /home/omre/4A/projetAutomEtHW/projet/Systeme_info/Systeme_info/PartieHardware/PartieHW/PartieHW.srcs/sources_1/new/Pipeline.vhd
Note: cas 2
Time: 520 ns  Iteration: 1  Process: /test_CheminDesDonnees/Label_uut/line__127  File: /home/omre/4A/projetAutomEtHW/projet/Systeme_info/Systeme_info/PartieHardware/PartieHW/PartieHW.srcs/sources_1/new/Pipeline.vhd
Note: cas 1
Time: 524 ns  Iteration: 1  Process: /test_CheminDesDonnees/Label_uut/line__127  File: /home/omre/4A/projetAutomEtHW/projet/Systeme_info/Systeme_info/PartieHardware/PartieHW/PartieHW.srcs/sources_1/new/Pipeline.vhd
Note: cas 4
Time: 528 ns  Iteration: 1  Process: /test_CheminDesDonnees/Label_uut/line__127  File: /home/omre/4A/projetAutomEtHW/projet/Systeme_info/Systeme_info/PartieHardware/PartieHW/PartieHW.srcs/sources_1/new/Pipeline.vhd
Note: cas 3
Time: 532 ns  Iteration: 1  Process: /test_CheminDesDonnees/Label_uut/line__127  File: /home/omre/4A/projetAutomEtHW/projet/Systeme_info/Systeme_info/PartieHardware/PartieHW/PartieHW.srcs/sources_1/new/Pipeline.vhd
Note: cas 2
Time: 536 ns  Iteration: 1  Process: /test_CheminDesDonnees/Label_uut/line__127  File: /home/omre/4A/projetAutomEtHW/projet/Systeme_info/Systeme_info/PartieHardware/PartieHW/PartieHW.srcs/sources_1/new/Pipeline.vhd
Note: cas 2
Time: 540 ns  Iteration: 1  Process: /test_CheminDesDonnees/Label_uut/line__127  File: /home/omre/4A/projetAutomEtHW/projet/Systeme_info/Systeme_info/PartieHardware/PartieHW/PartieHW.srcs/sources_1/new/Pipeline.vhd
Note: cas 2
Time: 544 ns  Iteration: 1  Process: /test_CheminDesDonnees/Label_uut/line__127  File: /home/omre/4A/projetAutomEtHW/projet/Systeme_info/Systeme_info/PartieHardware/PartieHW/PartieHW.srcs/sources_1/new/Pipeline.vhd
Note: cas 2
Time: 548 ns  Iteration: 1  Process: /test_CheminDesDonnees/Label_uut/line__127  File: /home/omre/4A/projetAutomEtHW/projet/Systeme_info/Systeme_info/PartieHardware/PartieHW/PartieHW.srcs/sources_1/new/Pipeline.vhd
Note: cas 2
Time: 552 ns  Iteration: 1  Process: /test_CheminDesDonnees/Label_uut/line__127  File: /home/omre/4A/projetAutomEtHW/projet/Systeme_info/Systeme_info/PartieHardware/PartieHW/PartieHW.srcs/sources_1/new/Pipeline.vhd
Note: cas 2
Time: 556 ns  Iteration: 1  Process: /test_CheminDesDonnees/Label_uut/line__127  File: /home/omre/4A/projetAutomEtHW/projet/Systeme_info/Systeme_info/PartieHardware/PartieHW/PartieHW.srcs/sources_1/new/Pipeline.vhd
Note: cas 2
Time: 560 ns  Iteration: 1  Process: /test_CheminDesDonnees/Label_uut/line__127  File: /home/omre/4A/projetAutomEtHW/projet/Systeme_info/Systeme_info/PartieHardware/PartieHW/PartieHW.srcs/sources_1/new/Pipeline.vhd
Note: cas 2
Time: 564 ns  Iteration: 1  Process: /test_CheminDesDonnees/Label_uut/line__127  File: /home/omre/4A/projetAutomEtHW/projet/Systeme_info/Systeme_info/PartieHardware/PartieHW/PartieHW.srcs/sources_1/new/Pipeline.vhd
Note: cas 2
Time: 568 ns  Iteration: 1  Process: /test_CheminDesDonnees/Label_uut/line__127  File: /home/omre/4A/projetAutomEtHW/projet/Systeme_info/Systeme_info/PartieHardware/PartieHW/PartieHW.srcs/sources_1/new/Pipeline.vhd
Note: cas 2
Time: 572 ns  Iteration: 1  Process: /test_CheminDesDonnees/Label_uut/line__127  File: /home/omre/4A/projetAutomEtHW/projet/Systeme_info/Systeme_info/PartieHardware/PartieHW/PartieHW.srcs/sources_1/new/Pipeline.vhd
Note: cas 2
Time: 576 ns  Iteration: 1  Process: /test_CheminDesDonnees/Label_uut/line__127  File: /home/omre/4A/projetAutomEtHW/projet/Systeme_info/Systeme_info/PartieHardware/PartieHW/PartieHW.srcs/sources_1/new/Pipeline.vhd
Note: cas 2
Time: 580 ns  Iteration: 1  Process: /test_CheminDesDonnees/Label_uut/line__127  File: /home/omre/4A/projetAutomEtHW/projet/Systeme_info/Systeme_info/PartieHardware/PartieHW/PartieHW.srcs/sources_1/new/Pipeline.vhd
Note: cas 2
Time: 584 ns  Iteration: 1  Process: /test_CheminDesDonnees/Label_uut/line__127  File: /home/omre/4A/projetAutomEtHW/projet/Systeme_info/Systeme_info/PartieHardware/PartieHW/PartieHW.srcs/sources_1/new/Pipeline.vhd
Note: cas 2
Time: 588 ns  Iteration: 1  Process: /test_CheminDesDonnees/Label_uut/line__127  File: /home/omre/4A/projetAutomEtHW/projet/Systeme_info/Systeme_info/PartieHardware/PartieHW/PartieHW.srcs/sources_1/new/Pipeline.vhd
Note: cas 2
Time: 592 ns  Iteration: 1  Process: /test_CheminDesDonnees/Label_uut/line__127  File: /home/omre/4A/projetAutomEtHW/projet/Systeme_info/Systeme_info/PartieHardware/PartieHW/PartieHW.srcs/sources_1/new/Pipeline.vhd
Note: cas 2
Time: 596 ns  Iteration: 1  Process: /test_CheminDesDonnees/Label_uut/line__127  File: /home/omre/4A/projetAutomEtHW/projet/Systeme_info/Systeme_info/PartieHardware/PartieHW/PartieHW.srcs/sources_1/new/Pipeline.vhd
Note: cas 2
Time: 600 ns  Iteration: 1  Process: /test_CheminDesDonnees/Label_uut/line__127  File: /home/omre/4A/projetAutomEtHW/projet/Systeme_info/Systeme_info/PartieHardware/PartieHW/PartieHW.srcs/sources_1/new/Pipeline.vhd
Note: cas 1
Time: 604 ns  Iteration: 1  Process: /test_CheminDesDonnees/Label_uut/line__127  File: /home/omre/4A/projetAutomEtHW/projet/Systeme_info/Systeme_info/PartieHardware/PartieHW/PartieHW.srcs/sources_1/new/Pipeline.vhd
Note: cas 4
Time: 608 ns  Iteration: 1  Process: /test_CheminDesDonnees/Label_uut/line__127  File: /home/omre/4A/projetAutomEtHW/projet/Systeme_info/Systeme_info/PartieHardware/PartieHW/PartieHW.srcs/sources_1/new/Pipeline.vhd
Note: cas 3
Time: 612 ns  Iteration: 1  Process: /test_CheminDesDonnees/Label_uut/line__127  File: /home/omre/4A/projetAutomEtHW/projet/Systeme_info/Systeme_info/PartieHardware/PartieHW/PartieHW.srcs/sources_1/new/Pipeline.vhd
Note: cas 2
Time: 616 ns  Iteration: 1  Process: /test_CheminDesDonnees/Label_uut/line__127  File: /home/omre/4A/projetAutomEtHW/projet/Systeme_info/Systeme_info/PartieHardware/PartieHW/PartieHW.srcs/sources_1/new/Pipeline.vhd
Note: cas 2
Time: 620 ns  Iteration: 1  Process: /test_CheminDesDonnees/Label_uut/line__127  File: /home/omre/4A/projetAutomEtHW/projet/Systeme_info/Systeme_info/PartieHardware/PartieHW/PartieHW.srcs/sources_1/new/Pipeline.vhd
Note: cas 2
Time: 624 ns  Iteration: 1  Process: /test_CheminDesDonnees/Label_uut/line__127  File: /home/omre/4A/projetAutomEtHW/projet/Systeme_info/Systeme_info/PartieHardware/PartieHW/PartieHW.srcs/sources_1/new/Pipeline.vhd
Note: cas 2
Time: 628 ns  Iteration: 1  Process: /test_CheminDesDonnees/Label_uut/line__127  File: /home/omre/4A/projetAutomEtHW/projet/Systeme_info/Systeme_info/PartieHardware/PartieHW/PartieHW.srcs/sources_1/new/Pipeline.vhd
Note: cas 2
Time: 632 ns  Iteration: 1  Process: /test_CheminDesDonnees/Label_uut/line__127  File: /home/omre/4A/projetAutomEtHW/projet/Systeme_info/Systeme_info/PartieHardware/PartieHW/PartieHW.srcs/sources_1/new/Pipeline.vhd
Note: cas 2
Time: 636 ns  Iteration: 1  Process: /test_CheminDesDonnees/Label_uut/line__127  File: /home/omre/4A/projetAutomEtHW/projet/Systeme_info/Systeme_info/PartieHardware/PartieHW/PartieHW.srcs/sources_1/new/Pipeline.vhd
Note: cas 2
Time: 640 ns  Iteration: 1  Process: /test_CheminDesDonnees/Label_uut/line__127  File: /home/omre/4A/projetAutomEtHW/projet/Systeme_info/Systeme_info/PartieHardware/PartieHW/PartieHW.srcs/sources_1/new/Pipeline.vhd
Note: cas 2
Time: 644 ns  Iteration: 1  Process: /test_CheminDesDonnees/Label_uut/line__127  File: /home/omre/4A/projetAutomEtHW/projet/Systeme_info/Systeme_info/PartieHardware/PartieHW/PartieHW.srcs/sources_1/new/Pipeline.vhd
Note: cas 2
Time: 648 ns  Iteration: 1  Process: /test_CheminDesDonnees/Label_uut/line__127  File: /home/omre/4A/projetAutomEtHW/projet/Systeme_info/Systeme_info/PartieHardware/PartieHW/PartieHW.srcs/sources_1/new/Pipeline.vhd
Note: cas 2
Time: 652 ns  Iteration: 1  Process: /test_CheminDesDonnees/Label_uut/line__127  File: /home/omre/4A/projetAutomEtHW/projet/Systeme_info/Systeme_info/PartieHardware/PartieHW/PartieHW.srcs/sources_1/new/Pipeline.vhd
Note: cas 2
Time: 656 ns  Iteration: 1  Process: /test_CheminDesDonnees/Label_uut/line__127  File: /home/omre/4A/projetAutomEtHW/projet/Systeme_info/Systeme_info/PartieHardware/PartieHW/PartieHW.srcs/sources_1/new/Pipeline.vhd
Note: cas 2
Time: 660 ns  Iteration: 1  Process: /test_CheminDesDonnees/Label_uut/line__127  File: /home/omre/4A/projetAutomEtHW/projet/Systeme_info/Systeme_info/PartieHardware/PartieHW/PartieHW.srcs/sources_1/new/Pipeline.vhd
Note: cas 2
Time: 664 ns  Iteration: 1  Process: /test_CheminDesDonnees/Label_uut/line__127  File: /home/omre/4A/projetAutomEtHW/projet/Systeme_info/Systeme_info/PartieHardware/PartieHW/PartieHW.srcs/sources_1/new/Pipeline.vhd
Note: cas 2
Time: 668 ns  Iteration: 1  Process: /test_CheminDesDonnees/Label_uut/line__127  File: /home/omre/4A/projetAutomEtHW/projet/Systeme_info/Systeme_info/PartieHardware/PartieHW/PartieHW.srcs/sources_1/new/Pipeline.vhd
Note: cas 2
Time: 672 ns  Iteration: 1  Process: /test_CheminDesDonnees/Label_uut/line__127  File: /home/omre/4A/projetAutomEtHW/projet/Systeme_info/Systeme_info/PartieHardware/PartieHW/PartieHW.srcs/sources_1/new/Pipeline.vhd
Note: cas 2
Time: 676 ns  Iteration: 1  Process: /test_CheminDesDonnees/Label_uut/line__127  File: /home/omre/4A/projetAutomEtHW/projet/Systeme_info/Systeme_info/PartieHardware/PartieHW/PartieHW.srcs/sources_1/new/Pipeline.vhd
Note: cas 2
Time: 680 ns  Iteration: 1  Process: /test_CheminDesDonnees/Label_uut/line__127  File: /home/omre/4A/projetAutomEtHW/projet/Systeme_info/Systeme_info/PartieHardware/PartieHW/PartieHW.srcs/sources_1/new/Pipeline.vhd
Note: cas 1
Time: 684 ns  Iteration: 1  Process: /test_CheminDesDonnees/Label_uut/line__127  File: /home/omre/4A/projetAutomEtHW/projet/Systeme_info/Systeme_info/PartieHardware/PartieHW/PartieHW.srcs/sources_1/new/Pipeline.vhd
Note: cas 4
Time: 688 ns  Iteration: 1  Process: /test_CheminDesDonnees/Label_uut/line__127  File: /home/omre/4A/projetAutomEtHW/projet/Systeme_info/Systeme_info/PartieHardware/PartieHW/PartieHW.srcs/sources_1/new/Pipeline.vhd
Note: cas 3
Time: 692 ns  Iteration: 1  Process: /test_CheminDesDonnees/Label_uut/line__127  File: /home/omre/4A/projetAutomEtHW/projet/Systeme_info/Systeme_info/PartieHardware/PartieHW/PartieHW.srcs/sources_1/new/Pipeline.vhd
Note: cas 2
Time: 696 ns  Iteration: 1  Process: /test_CheminDesDonnees/Label_uut/line__127  File: /home/omre/4A/projetAutomEtHW/projet/Systeme_info/Systeme_info/PartieHardware/PartieHW/PartieHW.srcs/sources_1/new/Pipeline.vhd
Note: cas 2
Time: 700 ns  Iteration: 1  Process: /test_CheminDesDonnees/Label_uut/line__127  File: /home/omre/4A/projetAutomEtHW/projet/Systeme_info/Systeme_info/PartieHardware/PartieHW/PartieHW.srcs/sources_1/new/Pipeline.vhd
Note: cas 2
Time: 704 ns  Iteration: 1  Process: /test_CheminDesDonnees/Label_uut/line__127  File: /home/omre/4A/projetAutomEtHW/projet/Systeme_info/Systeme_info/PartieHardware/PartieHW/PartieHW.srcs/sources_1/new/Pipeline.vhd
Note: cas 2
Time: 708 ns  Iteration: 1  Process: /test_CheminDesDonnees/Label_uut/line__127  File: /home/omre/4A/projetAutomEtHW/projet/Systeme_info/Systeme_info/PartieHardware/PartieHW/PartieHW.srcs/sources_1/new/Pipeline.vhd
Note: cas 2
Time: 712 ns  Iteration: 1  Process: /test_CheminDesDonnees/Label_uut/line__127  File: /home/omre/4A/projetAutomEtHW/projet/Systeme_info/Systeme_info/PartieHardware/PartieHW/PartieHW.srcs/sources_1/new/Pipeline.vhd
Note: cas 2
Time: 716 ns  Iteration: 1  Process: /test_CheminDesDonnees/Label_uut/line__127  File: /home/omre/4A/projetAutomEtHW/projet/Systeme_info/Systeme_info/PartieHardware/PartieHW/PartieHW.srcs/sources_1/new/Pipeline.vhd
Note: cas 2
Time: 720 ns  Iteration: 1  Process: /test_CheminDesDonnees/Label_uut/line__127  File: /home/omre/4A/projetAutomEtHW/projet/Systeme_info/Systeme_info/PartieHardware/PartieHW/PartieHW.srcs/sources_1/new/Pipeline.vhd
Note: cas 2
Time: 724 ns  Iteration: 1  Process: /test_CheminDesDonnees/Label_uut/line__127  File: /home/omre/4A/projetAutomEtHW/projet/Systeme_info/Systeme_info/PartieHardware/PartieHW/PartieHW.srcs/sources_1/new/Pipeline.vhd
Note: cas 2
Time: 728 ns  Iteration: 1  Process: /test_CheminDesDonnees/Label_uut/line__127  File: /home/omre/4A/projetAutomEtHW/projet/Systeme_info/Systeme_info/PartieHardware/PartieHW/PartieHW.srcs/sources_1/new/Pipeline.vhd
Note: cas 2
Time: 732 ns  Iteration: 1  Process: /test_CheminDesDonnees/Label_uut/line__127  File: /home/omre/4A/projetAutomEtHW/projet/Systeme_info/Systeme_info/PartieHardware/PartieHW/PartieHW.srcs/sources_1/new/Pipeline.vhd
Note: cas 2
Time: 736 ns  Iteration: 1  Process: /test_CheminDesDonnees/Label_uut/line__127  File: /home/omre/4A/projetAutomEtHW/projet/Systeme_info/Systeme_info/PartieHardware/PartieHW/PartieHW.srcs/sources_1/new/Pipeline.vhd
Note: cas 2
Time: 740 ns  Iteration: 1  Process: /test_CheminDesDonnees/Label_uut/line__127  File: /home/omre/4A/projetAutomEtHW/projet/Systeme_info/Systeme_info/PartieHardware/PartieHW/PartieHW.srcs/sources_1/new/Pipeline.vhd
Note: cas 2
Time: 744 ns  Iteration: 1  Process: /test_CheminDesDonnees/Label_uut/line__127  File: /home/omre/4A/projetAutomEtHW/projet/Systeme_info/Systeme_info/PartieHardware/PartieHW/PartieHW.srcs/sources_1/new/Pipeline.vhd
Note: cas 2
Time: 748 ns  Iteration: 1  Process: /test_CheminDesDonnees/Label_uut/line__127  File: /home/omre/4A/projetAutomEtHW/projet/Systeme_info/Systeme_info/PartieHardware/PartieHW/PartieHW.srcs/sources_1/new/Pipeline.vhd
Note: cas 2
Time: 752 ns  Iteration: 1  Process: /test_CheminDesDonnees/Label_uut/line__127  File: /home/omre/4A/projetAutomEtHW/projet/Systeme_info/Systeme_info/PartieHardware/PartieHW/PartieHW.srcs/sources_1/new/Pipeline.vhd
Note: cas 2
Time: 756 ns  Iteration: 1  Process: /test_CheminDesDonnees/Label_uut/line__127  File: /home/omre/4A/projetAutomEtHW/projet/Systeme_info/Systeme_info/PartieHardware/PartieHW/PartieHW.srcs/sources_1/new/Pipeline.vhd
Note: cas 2
Time: 760 ns  Iteration: 1  Process: /test_CheminDesDonnees/Label_uut/line__127  File: /home/omre/4A/projetAutomEtHW/projet/Systeme_info/Systeme_info/PartieHardware/PartieHW/PartieHW.srcs/sources_1/new/Pipeline.vhd
Note: cas 1
Time: 764 ns  Iteration: 1  Process: /test_CheminDesDonnees/Label_uut/line__127  File: /home/omre/4A/projetAutomEtHW/projet/Systeme_info/Systeme_info/PartieHardware/PartieHW/PartieHW.srcs/sources_1/new/Pipeline.vhd
Note: cas 4
Time: 768 ns  Iteration: 1  Process: /test_CheminDesDonnees/Label_uut/line__127  File: /home/omre/4A/projetAutomEtHW/projet/Systeme_info/Systeme_info/PartieHardware/PartieHW/PartieHW.srcs/sources_1/new/Pipeline.vhd
Note: cas 3
Time: 772 ns  Iteration: 1  Process: /test_CheminDesDonnees/Label_uut/line__127  File: /home/omre/4A/projetAutomEtHW/projet/Systeme_info/Systeme_info/PartieHardware/PartieHW/PartieHW.srcs/sources_1/new/Pipeline.vhd
Note: cas 2
Time: 776 ns  Iteration: 1  Process: /test_CheminDesDonnees/Label_uut/line__127  File: /home/omre/4A/projetAutomEtHW/projet/Systeme_info/Systeme_info/PartieHardware/PartieHW/PartieHW.srcs/sources_1/new/Pipeline.vhd
Note: cas 2
Time: 780 ns  Iteration: 1  Process: /test_CheminDesDonnees/Label_uut/line__127  File: /home/omre/4A/projetAutomEtHW/projet/Systeme_info/Systeme_info/PartieHardware/PartieHW/PartieHW.srcs/sources_1/new/Pipeline.vhd
Note: cas 2
Time: 784 ns  Iteration: 1  Process: /test_CheminDesDonnees/Label_uut/line__127  File: /home/omre/4A/projetAutomEtHW/projet/Systeme_info/Systeme_info/PartieHardware/PartieHW/PartieHW.srcs/sources_1/new/Pipeline.vhd
Note: cas 2
Time: 788 ns  Iteration: 1  Process: /test_CheminDesDonnees/Label_uut/line__127  File: /home/omre/4A/projetAutomEtHW/projet/Systeme_info/Systeme_info/PartieHardware/PartieHW/PartieHW.srcs/sources_1/new/Pipeline.vhd
Note: cas 2
Time: 792 ns  Iteration: 1  Process: /test_CheminDesDonnees/Label_uut/line__127  File: /home/omre/4A/projetAutomEtHW/projet/Systeme_info/Systeme_info/PartieHardware/PartieHW/PartieHW.srcs/sources_1/new/Pipeline.vhd
Note: cas 2
Time: 796 ns  Iteration: 1  Process: /test_CheminDesDonnees/Label_uut/line__127  File: /home/omre/4A/projetAutomEtHW/projet/Systeme_info/Systeme_info/PartieHardware/PartieHW/PartieHW.srcs/sources_1/new/Pipeline.vhd
Note: cas 2
Time: 800 ns  Iteration: 1  Process: /test_CheminDesDonnees/Label_uut/line__127  File: /home/omre/4A/projetAutomEtHW/projet/Systeme_info/Systeme_info/PartieHardware/PartieHW/PartieHW.srcs/sources_1/new/Pipeline.vhd
Note: cas 2
Time: 804 ns  Iteration: 1  Process: /test_CheminDesDonnees/Label_uut/line__127  File: /home/omre/4A/projetAutomEtHW/projet/Systeme_info/Systeme_info/PartieHardware/PartieHW/PartieHW.srcs/sources_1/new/Pipeline.vhd
Note: cas 2
Time: 808 ns  Iteration: 1  Process: /test_CheminDesDonnees/Label_uut/line__127  File: /home/omre/4A/projetAutomEtHW/projet/Systeme_info/Systeme_info/PartieHardware/PartieHW/PartieHW.srcs/sources_1/new/Pipeline.vhd
Note: cas 2
Time: 812 ns  Iteration: 1  Process: /test_CheminDesDonnees/Label_uut/line__127  File: /home/omre/4A/projetAutomEtHW/projet/Systeme_info/Systeme_info/PartieHardware/PartieHW/PartieHW.srcs/sources_1/new/Pipeline.vhd
Note: cas 2
Time: 816 ns  Iteration: 1  Process: /test_CheminDesDonnees/Label_uut/line__127  File: /home/omre/4A/projetAutomEtHW/projet/Systeme_info/Systeme_info/PartieHardware/PartieHW/PartieHW.srcs/sources_1/new/Pipeline.vhd
Note: cas 2
Time: 820 ns  Iteration: 1  Process: /test_CheminDesDonnees/Label_uut/line__127  File: /home/omre/4A/projetAutomEtHW/projet/Systeme_info/Systeme_info/PartieHardware/PartieHW/PartieHW.srcs/sources_1/new/Pipeline.vhd
Note: cas 2
Time: 824 ns  Iteration: 1  Process: /test_CheminDesDonnees/Label_uut/line__127  File: /home/omre/4A/projetAutomEtHW/projet/Systeme_info/Systeme_info/PartieHardware/PartieHW/PartieHW.srcs/sources_1/new/Pipeline.vhd
Note: cas 2
Time: 828 ns  Iteration: 1  Process: /test_CheminDesDonnees/Label_uut/line__127  File: /home/omre/4A/projetAutomEtHW/projet/Systeme_info/Systeme_info/PartieHardware/PartieHW/PartieHW.srcs/sources_1/new/Pipeline.vhd
Note: cas 2
Time: 832 ns  Iteration: 1  Process: /test_CheminDesDonnees/Label_uut/line__127  File: /home/omre/4A/projetAutomEtHW/projet/Systeme_info/Systeme_info/PartieHardware/PartieHW/PartieHW.srcs/sources_1/new/Pipeline.vhd
Note: cas 2
Time: 836 ns  Iteration: 1  Process: /test_CheminDesDonnees/Label_uut/line__127  File: /home/omre/4A/projetAutomEtHW/projet/Systeme_info/Systeme_info/PartieHardware/PartieHW/PartieHW.srcs/sources_1/new/Pipeline.vhd
Note: cas 2
Time: 840 ns  Iteration: 1  Process: /test_CheminDesDonnees/Label_uut/line__127  File: /home/omre/4A/projetAutomEtHW/projet/Systeme_info/Systeme_info/PartieHardware/PartieHW/PartieHW.srcs/sources_1/new/Pipeline.vhd
Note: cas 1
Time: 844 ns  Iteration: 1  Process: /test_CheminDesDonnees/Label_uut/line__127  File: /home/omre/4A/projetAutomEtHW/projet/Systeme_info/Systeme_info/PartieHardware/PartieHW/PartieHW.srcs/sources_1/new/Pipeline.vhd
Note: cas 4
Time: 848 ns  Iteration: 1  Process: /test_CheminDesDonnees/Label_uut/line__127  File: /home/omre/4A/projetAutomEtHW/projet/Systeme_info/Systeme_info/PartieHardware/PartieHW/PartieHW.srcs/sources_1/new/Pipeline.vhd
Note: cas 3
Time: 852 ns  Iteration: 1  Process: /test_CheminDesDonnees/Label_uut/line__127  File: /home/omre/4A/projetAutomEtHW/projet/Systeme_info/Systeme_info/PartieHardware/PartieHW/PartieHW.srcs/sources_1/new/Pipeline.vhd
Note: cas 2
Time: 856 ns  Iteration: 1  Process: /test_CheminDesDonnees/Label_uut/line__127  File: /home/omre/4A/projetAutomEtHW/projet/Systeme_info/Systeme_info/PartieHardware/PartieHW/PartieHW.srcs/sources_1/new/Pipeline.vhd
Note: cas 2
Time: 860 ns  Iteration: 1  Process: /test_CheminDesDonnees/Label_uut/line__127  File: /home/omre/4A/projetAutomEtHW/projet/Systeme_info/Systeme_info/PartieHardware/PartieHW/PartieHW.srcs/sources_1/new/Pipeline.vhd
Note: cas 2
Time: 864 ns  Iteration: 1  Process: /test_CheminDesDonnees/Label_uut/line__127  File: /home/omre/4A/projetAutomEtHW/projet/Systeme_info/Systeme_info/PartieHardware/PartieHW/PartieHW.srcs/sources_1/new/Pipeline.vhd
Note: cas 2
Time: 868 ns  Iteration: 1  Process: /test_CheminDesDonnees/Label_uut/line__127  File: /home/omre/4A/projetAutomEtHW/projet/Systeme_info/Systeme_info/PartieHardware/PartieHW/PartieHW.srcs/sources_1/new/Pipeline.vhd
Note: cas 2
Time: 872 ns  Iteration: 1  Process: /test_CheminDesDonnees/Label_uut/line__127  File: /home/omre/4A/projetAutomEtHW/projet/Systeme_info/Systeme_info/PartieHardware/PartieHW/PartieHW.srcs/sources_1/new/Pipeline.vhd
Note: cas 2
Time: 876 ns  Iteration: 1  Process: /test_CheminDesDonnees/Label_uut/line__127  File: /home/omre/4A/projetAutomEtHW/projet/Systeme_info/Systeme_info/PartieHardware/PartieHW/PartieHW.srcs/sources_1/new/Pipeline.vhd
Note: cas 2
Time: 880 ns  Iteration: 1  Process: /test_CheminDesDonnees/Label_uut/line__127  File: /home/omre/4A/projetAutomEtHW/projet/Systeme_info/Systeme_info/PartieHardware/PartieHW/PartieHW.srcs/sources_1/new/Pipeline.vhd
Note: cas 2
Time: 884 ns  Iteration: 1  Process: /test_CheminDesDonnees/Label_uut/line__127  File: /home/omre/4A/projetAutomEtHW/projet/Systeme_info/Systeme_info/PartieHardware/PartieHW/PartieHW.srcs/sources_1/new/Pipeline.vhd
Note: cas 2
Time: 888 ns  Iteration: 1  Process: /test_CheminDesDonnees/Label_uut/line__127  File: /home/omre/4A/projetAutomEtHW/projet/Systeme_info/Systeme_info/PartieHardware/PartieHW/PartieHW.srcs/sources_1/new/Pipeline.vhd
Note: cas 2
Time: 892 ns  Iteration: 1  Process: /test_CheminDesDonnees/Label_uut/line__127  File: /home/omre/4A/projetAutomEtHW/projet/Systeme_info/Systeme_info/PartieHardware/PartieHW/PartieHW.srcs/sources_1/new/Pipeline.vhd
Note: cas 2
Time: 896 ns  Iteration: 1  Process: /test_CheminDesDonnees/Label_uut/line__127  File: /home/omre/4A/projetAutomEtHW/projet/Systeme_info/Systeme_info/PartieHardware/PartieHW/PartieHW.srcs/sources_1/new/Pipeline.vhd
Note: cas 2
Time: 900 ns  Iteration: 1  Process: /test_CheminDesDonnees/Label_uut/line__127  File: /home/omre/4A/projetAutomEtHW/projet/Systeme_info/Systeme_info/PartieHardware/PartieHW/PartieHW.srcs/sources_1/new/Pipeline.vhd
