Copyright 1986-2018 Xilinx, Inc. All Rights Reserved.
--------------------------------------------------------------------------------------------------------------------------------------------------------------------------------------
| Tool Version : Vivado v.2018.2 (lin64) Build 2258646 Thu Jun 14 20:02:38 MDT 2018
| Date         : Wed May 11 10:23:21 2022
| Host         : insa-11278 running 64-bit Ubuntu 20.04.4 LTS
| Command      : report_methodology -file CheminDesDonnees_methodology_drc_routed.rpt -pb CheminDesDonnees_methodology_drc_routed.pb -rpx CheminDesDonnees_methodology_drc_routed.rpx
| Design       : CheminDesDonnees
| Device       : xc7k70tfbv676-1
| Speed File   : -1
| Design State : Routed
--------------------------------------------------------------------------------------------------------------------------------------------------------------------------------------

Report Methodology

Table of Contents
-----------------
1. REPORT SUMMARY
2. REPORT DETAILS

1. REPORT SUMMARY
-----------------
            Netlist: netlist
          Floorplan: design_1
      Design limits: <entire design considered>
             Max violations: <unlimited>
             Violations found: 0
+------+----------+-------------+------------+
| Rule | Severity | Description | Violations |
+------+----------+-------------+------------+
+------+----------+-------------+------------+

2. REPORT DETAILS
-----------------

