
*** Running vivado
    with args -log CheminDesDonnees.vdi -applog -m64 -product Vivado -messageDb vivado.pb -mode batch -source CheminDesDonnees.tcl -notrace


****** Vivado v2018.2 (64-bit)
  **** SW Build 2258646 on Thu Jun 14 20:02:38 MDT 2018
  **** IP Build 2256618 on Thu Jun 14 22:10:49 MDT 2018
    ** Copyright 1986-2018 Xilinx, Inc. All Rights Reserved.

source CheminDesDonnees.tcl -notrace
Command: link_design -top CheminDesDonnees -part xc7k70tfbv676-1
Design is defaulting to srcset: sources_1
Design is defaulting to constrset: constrs_1
INFO: [Project 1-479] Netlist was created with Vivado 2018.2
INFO: [Device 21-403] Loading part xc7k70tfbv676-1
INFO: [Project 1-570] Preparing netlist for logic optimization
Parsing XDC File [/home/omre/4A/projetAutomEtHW/projet/Systeme_info/Systeme_info/PartieHardware/PartieHW/PartieHW.srcs/constrs_1/new/BancdeRegistres.xdc]
Finished Parsing XDC File [/home/omre/4A/projetAutomEtHW/projet/Systeme_info/Systeme_info/PartieHardware/PartieHW/PartieHW.srcs/constrs_1/new/BancdeRegistres.xdc]
INFO: [Opt 31-138] Pushed 0 inverter(s) to 0 load pin(s).
INFO: [Project 1-111] Unisim Transformation Summary:
No Unisim elements were transformed.

5 Infos, 0 Warnings, 0 Critical Warnings and 0 Errors encountered.
link_design completed successfully
link_design: Time (s): cpu = 00:00:06 ; elapsed = 00:00:14 . Memory (MB): peak = 1426.230 ; gain = 262.414 ; free physical = 60440 ; free virtual = 71181
Command: opt_design
Attempting to get a license for feature 'Implementation' and/or device 'xc7k70t'
INFO: [Common 17-349] Got license for feature 'Implementation' and/or device 'xc7k70t'
Running DRC as a precondition to command opt_design

Starting DRC Task
INFO: [DRC 23-27] Running DRC with 8 threads
INFO: [Project 1-461] DRC finished with 0 Errors
INFO: [Project 1-462] Please refer to the DRC report (report_drc) for more information.

Time (s): cpu = 00:00:00.09 ; elapsed = 00:00:00.21 . Memory (MB): peak = 1491.262 ; gain = 65.031 ; free physical = 60438 ; free virtual = 71179

Starting Cache Timing Information Task
INFO: [Timing 38-35] Done setting XDC timing constraints.
Ending Cache Timing Information Task | Checksum: 14a1ebffa

Time (s): cpu = 00:00:08 ; elapsed = 00:00:15 . Memory (MB): peak = 1922.816 ; gain = 431.555 ; free physical = 60054 ; free virtual = 70795

Starting Logic Optimization Task

Phase 1 Retarget
INFO: [Opt 31-138] Pushed 0 inverter(s) to 0 load pin(s).
INFO: [Opt 31-49] Retargeted 0 cell(s).
Phase 1 Retarget | Checksum: 14a1ebffa

Time (s): cpu = 00:00:00 ; elapsed = 00:00:00.01 . Memory (MB): peak = 1922.816 ; gain = 0.000 ; free physical = 60054 ; free virtual = 70795
INFO: [Opt 31-389] Phase Retarget created 0 cells and removed 0 cells

Phase 2 Constant propagation
INFO: [Opt 31-138] Pushed 0 inverter(s) to 0 load pin(s).
Phase 2 Constant propagation | Checksum: 14a1ebffa

Time (s): cpu = 00:00:00 ; elapsed = 00:00:00.01 . Memory (MB): peak = 1922.816 ; gain = 0.000 ; free physical = 60054 ; free virtual = 70795
INFO: [Opt 31-389] Phase Constant propagation created 0 cells and removed 0 cells

Phase 3 Sweep
Phase 3 Sweep | Checksum: 14a1ebffa

Time (s): cpu = 00:00:00 ; elapsed = 00:00:00.01 . Memory (MB): peak = 1922.816 ; gain = 0.000 ; free physical = 60054 ; free virtual = 70795
INFO: [Opt 31-389] Phase Sweep created 0 cells and removed 0 cells

Phase 4 BUFG optimization
Phase 4 BUFG optimization | Checksum: 14a1ebffa

Time (s): cpu = 00:00:00.01 ; elapsed = 00:00:00.01 . Memory (MB): peak = 1922.816 ; gain = 0.000 ; free physical = 60054 ; free virtual = 70795
INFO: [Opt 31-662] Phase BUFG optimization created 0 cells of which 0 are BUFGs and removed 0 cells.

Phase 5 Shift Register Optimization
Phase 5 Shift Register Optimization | Checksum: 14a1ebffa

Time (s): cpu = 00:00:00.01 ; elapsed = 00:00:00.01 . Memory (MB): peak = 1922.816 ; gain = 0.000 ; free physical = 60054 ; free virtual = 70795
INFO: [Opt 31-389] Phase Shift Register Optimization created 0 cells and removed 0 cells

Phase 6 Post Processing Netlist
Phase 6 Post Processing Netlist | Checksum: 14a1ebffa

Time (s): cpu = 00:00:00.01 ; elapsed = 00:00:00.01 . Memory (MB): peak = 1922.816 ; gain = 0.000 ; free physical = 60054 ; free virtual = 70795
INFO: [Opt 31-389] Phase Post Processing Netlist created 0 cells and removed 0 cells

Starting Connectivity Check Task

Time (s): cpu = 00:00:00 ; elapsed = 00:00:00 . Memory (MB): peak = 1922.816 ; gain = 0.000 ; free physical = 60054 ; free virtual = 70795
Ending Logic Optimization Task | Checksum: 14a1ebffa

Time (s): cpu = 00:00:00.01 ; elapsed = 00:00:00.02 . Memory (MB): peak = 1922.816 ; gain = 0.000 ; free physical = 60054 ; free virtual = 70795

Starting Power Optimization Task
INFO: [Pwropt 34-132] Skipping clock gating for clocks with a period < 2.00 ns.
Ending Power Optimization Task | Checksum: 14a1ebffa

Time (s): cpu = 00:00:00.01 ; elapsed = 00:00:00.01 . Memory (MB): peak = 1922.816 ; gain = 0.000 ; free physical = 60054 ; free virtual = 70795

Starting Final Cleanup Task
Ending Final Cleanup Task | Checksum: 14a1ebffa

Time (s): cpu = 00:00:00 ; elapsed = 00:00:00 . Memory (MB): peak = 1922.816 ; gain = 0.000 ; free physical = 60054 ; free virtual = 70795
INFO: [Common 17-83] Releasing license: Implementation
21 Infos, 0 Warnings, 0 Critical Warnings and 0 Errors encountered.
opt_design completed successfully
opt_design: Time (s): cpu = 00:00:08 ; elapsed = 00:00:15 . Memory (MB): peak = 1922.816 ; gain = 496.586 ; free physical = 60054 ; free virtual = 70795
INFO: [Timing 38-480] Writing timing data to binary archive.
INFO: [Common 17-1381] The checkpoint '/home/omre/4A/projetAutomEtHW/projet/Systeme_info/Systeme_info/PartieHardware/PartieHW/PartieHW.runs/impl_1/CheminDesDonnees_opt.dcp' has been generated.
INFO: [runtcl-4] Executing : report_drc -file CheminDesDonnees_drc_opted.rpt -pb CheminDesDonnees_drc_opted.pb -rpx CheminDesDonnees_drc_opted.rpx
Command: report_drc -file CheminDesDonnees_drc_opted.rpt -pb CheminDesDonnees_drc_opted.pb -rpx CheminDesDonnees_drc_opted.rpx
INFO: [IP_Flow 19-234] Refreshing IP repositories
INFO: [IP_Flow 19-1704] No user IP repositories specified
INFO: [IP_Flow 19-2313] Loaded Vivado IP repository '/usr/local/insa/Xilinx.VIVADO/Vivado/2018.2/data/ip'.
INFO: [DRC 23-27] Running DRC with 8 threads
INFO: [Coretcl 2-168] The results of DRC are in file /home/omre/4A/projetAutomEtHW/projet/Systeme_info/Systeme_info/PartieHardware/PartieHW/PartieHW.runs/impl_1/CheminDesDonnees_drc_opted.rpt.
report_drc completed successfully
Command: place_design
Attempting to get a license for feature 'Implementation' and/or device 'xc7k70t'
INFO: [Common 17-349] Got license for feature 'Implementation' and/or device 'xc7k70t'
INFO: [DRC 23-27] Running DRC with 8 threads
INFO: [Vivado_Tcl 4-198] DRC finished with 0 Errors
INFO: [Vivado_Tcl 4-199] Please refer to the DRC report (report_drc) for more information.
Running DRC as a precondition to command place_design
INFO: [DRC 23-27] Running DRC with 8 threads
INFO: [Vivado_Tcl 4-198] DRC finished with 0 Errors
INFO: [Vivado_Tcl 4-199] Please refer to the DRC report (report_drc) for more information.

Starting Placer Task
INFO: [Place 30-611] Multithreading enabled for place_design using a maximum of 8 CPUs

Phase 1 Placer Initialization

Phase 1.1 Placer Initialization Netlist Sorting
Netlist sorting complete. Time (s): cpu = 00:00:00 ; elapsed = 00:00:00 . Memory (MB): peak = 1994.852 ; gain = 0.000 ; free physical = 60013 ; free virtual = 70754
Phase 1.1 Placer Initialization Netlist Sorting | Checksum: c3e50259

Time (s): cpu = 00:00:00 ; elapsed = 00:00:00.02 . Memory (MB): peak = 1994.852 ; gain = 0.000 ; free physical = 60013 ; free virtual = 70754
Netlist sorting complete. Time (s): cpu = 00:00:00 ; elapsed = 00:00:00 . Memory (MB): peak = 1994.852 ; gain = 0.000 ; free physical = 60013 ; free virtual = 70754

Phase 1.2 IO Placement/ Clock Placement/ Build Placer Device
INFO: [Timing 38-35] Done setting XDC timing constraints.
Phase 1.2 IO Placement/ Clock Placement/ Build Placer Device | Checksum: e71698b0

Time (s): cpu = 00:00:00.54 ; elapsed = 00:00:00.38 . Memory (MB): peak = 2027.859 ; gain = 33.008 ; free physical = 60009 ; free virtual = 70754

Phase 1.3 Build Placer Netlist Model
Phase 1.3 Build Placer Netlist Model | Checksum: 1e1f6e030

Time (s): cpu = 00:00:00.77 ; elapsed = 00:00:00.53 . Memory (MB): peak = 2067.508 ; gain = 72.656 ; free physical = 60007 ; free virtual = 70753

Phase 1.4 Constrain Clocks/Macros
Phase 1.4 Constrain Clocks/Macros | Checksum: 1e1f6e030

Time (s): cpu = 00:00:00.77 ; elapsed = 00:00:00.53 . Memory (MB): peak = 2067.508 ; gain = 72.656 ; free physical = 60007 ; free virtual = 70753
Phase 1 Placer Initialization | Checksum: 1e1f6e030

Time (s): cpu = 00:00:00.77 ; elapsed = 00:00:00.53 . Memory (MB): peak = 2067.508 ; gain = 72.656 ; free physical = 60007 ; free virtual = 70753

Phase 2 Final Placement Cleanup
Phase 2 Final Placement Cleanup | Checksum: 1e1f6e030

Time (s): cpu = 00:00:00.77 ; elapsed = 00:00:00.54 . Memory (MB): peak = 2067.508 ; gain = 72.656 ; free physical = 60007 ; free virtual = 70753
INFO: [Place 30-281] No place-able instance is found; design doesn't contain any instance or all instances are placed
Ending Placer Task | Checksum: e71698b0

Time (s): cpu = 00:00:00.77 ; elapsed = 00:00:00.54 . Memory (MB): peak = 2067.508 ; gain = 72.656 ; free physical = 60009 ; free virtual = 70755
INFO: [Common 17-83] Releasing license: Implementation
40 Infos, 0 Warnings, 0 Critical Warnings and 0 Errors encountered.
place_design completed successfully
INFO: [Timing 38-480] Writing timing data to binary archive.
Writing placer database...
Writing XDEF routing.
Writing XDEF routing logical nets.
Writing XDEF routing special nets.
Write XDEF Complete: Time (s): cpu = 00:00:00.03 ; elapsed = 00:00:00.02 . Memory (MB): peak = 2067.508 ; gain = 0.000 ; free physical = 60007 ; free virtual = 70753
INFO: [Common 17-1381] The checkpoint '/home/omre/4A/projetAutomEtHW/projet/Systeme_info/Systeme_info/PartieHardware/PartieHW/PartieHW.runs/impl_1/CheminDesDonnees_placed.dcp' has been generated.
INFO: [runtcl-4] Executing : report_io -file CheminDesDonnees_io_placed.rpt
report_io: Time (s): cpu = 00:00:00.12 ; elapsed = 00:00:00.18 . Memory (MB): peak = 2067.508 ; gain = 0.000 ; free physical = 59989 ; free virtual = 70735
INFO: [runtcl-4] Executing : report_utilization -file CheminDesDonnees_utilization_placed.rpt -pb CheminDesDonnees_utilization_placed.pb
report_utilization: Time (s): cpu = 00:00:00.07 ; elapsed = 00:00:00.09 . Memory (MB): peak = 2067.508 ; gain = 0.000 ; free physical = 60002 ; free virtual = 70748
INFO: [runtcl-4] Executing : report_control_sets -verbose -file CheminDesDonnees_control_sets_placed.rpt
report_control_sets: Time (s): cpu = 00:00:00.04 ; elapsed = 00:00:00.07 . Memory (MB): peak = 2067.508 ; gain = 0.000 ; free physical = 60002 ; free virtual = 70748
Command: route_design
Attempting to get a license for feature 'Implementation' and/or device 'xc7k70t'
INFO: [Common 17-349] Got license for feature 'Implementation' and/or device 'xc7k70t'
Running DRC as a precondition to command route_design
INFO: [DRC 23-27] Running DRC with 8 threads
INFO: [Vivado_Tcl 4-198] DRC finished with 0 Errors
INFO: [Vivado_Tcl 4-199] Please refer to the DRC report (report_drc) for more information.


Starting Routing Task
INFO: [Route 35-254] Multithreading enabled for route_design using a maximum of 8 CPUs
Checksum: PlaceDB: 23319657 ConstDB: 0 ShapeSum: c3e50259 RouteDB: 0

Phase 1 Build RT Design
Phase 1 Build RT Design | Checksum: dbc7cd01

Time (s): cpu = 00:00:08 ; elapsed = 00:00:06 . Memory (MB): peak = 2168.176 ; gain = 100.668 ; free physical = 59859 ; free virtual = 70606
Post Restoration Checksum: NetGraph: 853c5c32 NumContArr: 568b70cf Constraints: 0 Timing: 0

Phase 2 Router Initialization

Phase 2.1 Create Timer
INFO: [Timing 38-35] Done setting XDC timing constraints.
Phase 2.1 Create Timer | Checksum: dbc7cd01

Time (s): cpu = 00:00:08 ; elapsed = 00:00:06 . Memory (MB): peak = 2180.164 ; gain = 112.656 ; free physical = 59859 ; free virtual = 70606

Phase 2.2 Fix Topology Constraints
Phase 2.2 Fix Topology Constraints | Checksum: dbc7cd01

Time (s): cpu = 00:00:08 ; elapsed = 00:00:06 . Memory (MB): peak = 2203.164 ; gain = 135.656 ; free physical = 59828 ; free virtual = 70575

Phase 2.3 Pre Route Cleanup
Phase 2.3 Pre Route Cleanup | Checksum: dbc7cd01

Time (s): cpu = 00:00:08 ; elapsed = 00:00:06 . Memory (MB): peak = 2203.164 ; gain = 135.656 ; free physical = 59828 ; free virtual = 70575
 Number of Nodes with overlaps = 0

Phase 2.4 Update Timing
Phase 2.4 Update Timing | Checksum: 12af17a07

Time (s): cpu = 00:00:08 ; elapsed = 00:00:06 . Memory (MB): peak = 2208.539 ; gain = 141.031 ; free physical = 59825 ; free virtual = 70573
Phase 2 Router Initialization | Checksum: 12af17a07

Time (s): cpu = 00:00:08 ; elapsed = 00:00:06 . Memory (MB): peak = 2208.539 ; gain = 141.031 ; free physical = 59825 ; free virtual = 70573

Phase 3 Initial Routing
 Number of Nodes with overlaps = 0
Phase 3 Initial Routing | Checksum: 12af17a07

Time (s): cpu = 00:00:08 ; elapsed = 00:00:06 . Memory (MB): peak = 2208.539 ; gain = 141.031 ; free physical = 59825 ; free virtual = 70572

Phase 4 Rip-up And Reroute

Phase 4.1 Global Iteration 0
Phase 4.1 Global Iteration 0 | Checksum: 12af17a07

Time (s): cpu = 00:00:08 ; elapsed = 00:00:06 . Memory (MB): peak = 2208.539 ; gain = 141.031 ; free physical = 59825 ; free virtual = 70572
Phase 4 Rip-up And Reroute | Checksum: 12af17a07

Time (s): cpu = 00:00:08 ; elapsed = 00:00:06 . Memory (MB): peak = 2208.539 ; gain = 141.031 ; free physical = 59825 ; free virtual = 70572

Phase 5 Delay and Skew Optimization

Phase 5.1 Delay CleanUp
Phase 5.1 Delay CleanUp | Checksum: 12af17a07

Time (s): cpu = 00:00:08 ; elapsed = 00:00:06 . Memory (MB): peak = 2208.539 ; gain = 141.031 ; free physical = 59825 ; free virtual = 70572

Phase 5.2 Clock Skew Optimization
Phase 5.2 Clock Skew Optimization | Checksum: 12af17a07

Time (s): cpu = 00:00:08 ; elapsed = 00:00:06 . Memory (MB): peak = 2208.539 ; gain = 141.031 ; free physical = 59825 ; free virtual = 70572
Phase 5 Delay and Skew Optimization | Checksum: 12af17a07

Time (s): cpu = 00:00:08 ; elapsed = 00:00:06 . Memory (MB): peak = 2208.539 ; gain = 141.031 ; free physical = 59825 ; free virtual = 70572

Phase 6 Post Hold Fix

Phase 6.1 Hold Fix Iter

Phase 6.1.1 Update Timing
Phase 6.1.1 Update Timing | Checksum: 12af17a07

Time (s): cpu = 00:00:08 ; elapsed = 00:00:06 . Memory (MB): peak = 2208.539 ; gain = 141.031 ; free physical = 59825 ; free virtual = 70572
Phase 6.1 Hold Fix Iter | Checksum: 12af17a07

Time (s): cpu = 00:00:08 ; elapsed = 00:00:06 . Memory (MB): peak = 2208.539 ; gain = 141.031 ; free physical = 59825 ; free virtual = 70572
Phase 6 Post Hold Fix | Checksum: 12af17a07

Time (s): cpu = 00:00:08 ; elapsed = 00:00:06 . Memory (MB): peak = 2208.539 ; gain = 141.031 ; free physical = 59825 ; free virtual = 70572

Phase 7 Route finalize

Router Utilization Summary
  Global Vertical Routing Utilization    = 0 %
  Global Horizontal Routing Utilization  = 0 %
  Routable Net Status*
  *Does not include unroutable nets such as driverless and loadless.
  Run report_route_status for detailed report.
  Number of Failed Nets               = 0
  Number of Unrouted Nets             = 0
  Number of Partially Routed Nets     = 0
  Number of Node Overlaps             = 0

Phase 7 Route finalize | Checksum: 12af17a07

Time (s): cpu = 00:00:08 ; elapsed = 00:00:06 . Memory (MB): peak = 2208.539 ; gain = 141.031 ; free physical = 59825 ; free virtual = 70572

Phase 8 Verifying routed nets

 Verification completed successfully
Phase 8 Verifying routed nets | Checksum: 12af17a07

Time (s): cpu = 00:00:08 ; elapsed = 00:00:06 . Memory (MB): peak = 2211.539 ; gain = 144.031 ; free physical = 59823 ; free virtual = 70570

Phase 9 Depositing Routes
Phase 9 Depositing Routes | Checksum: 12af17a07

Time (s): cpu = 00:00:09 ; elapsed = 00:00:06 . Memory (MB): peak = 2211.539 ; gain = 144.031 ; free physical = 59823 ; free virtual = 70570

Phase 10 Post Router Timing
Phase 10 Post Router Timing | Checksum: 12af17a07

Time (s): cpu = 00:00:09 ; elapsed = 00:00:06 . Memory (MB): peak = 2211.539 ; gain = 144.031 ; free physical = 59823 ; free virtual = 70571
INFO: [Route 35-16] Router Completed Successfully

Time (s): cpu = 00:00:09 ; elapsed = 00:00:06 . Memory (MB): peak = 2211.539 ; gain = 144.031 ; free physical = 59854 ; free virtual = 70602

Routing Is Done.
INFO: [Common 17-83] Releasing license: Implementation
53 Infos, 0 Warnings, 0 Critical Warnings and 0 Errors encountered.
route_design completed successfully
route_design: Time (s): cpu = 00:00:09 ; elapsed = 00:00:06 . Memory (MB): peak = 2211.539 ; gain = 144.031 ; free physical = 59854 ; free virtual = 70602
INFO: [Timing 38-480] Writing timing data to binary archive.
Writing placer database...
Writing XDEF routing.
Writing XDEF routing logical nets.
Writing XDEF routing special nets.
Write XDEF Complete: Time (s): cpu = 00:00:00.01 ; elapsed = 00:00:00.02 . Memory (MB): peak = 2211.539 ; gain = 0.000 ; free physical = 59857 ; free virtual = 70605
INFO: [Common 17-1381] The checkpoint '/home/omre/4A/projetAutomEtHW/projet/Systeme_info/Systeme_info/PartieHardware/PartieHW/PartieHW.runs/impl_1/CheminDesDonnees_routed.dcp' has been generated.
INFO: [runtcl-4] Executing : report_drc -file CheminDesDonnees_drc_routed.rpt -pb CheminDesDonnees_drc_routed.pb -rpx CheminDesDonnees_drc_routed.rpx
Command: report_drc -file CheminDesDonnees_drc_routed.rpt -pb CheminDesDonnees_drc_routed.pb -rpx CheminDesDonnees_drc_routed.rpx
INFO: [DRC 23-27] Running DRC with 8 threads
INFO: [Coretcl 2-168] The results of DRC are in file /home/omre/4A/projetAutomEtHW/projet/Systeme_info/Systeme_info/PartieHardware/PartieHW/PartieHW.runs/impl_1/CheminDesDonnees_drc_routed.rpt.
report_drc completed successfully
INFO: [runtcl-4] Executing : report_methodology -file CheminDesDonnees_methodology_drc_routed.rpt -pb CheminDesDonnees_methodology_drc_routed.pb -rpx CheminDesDonnees_methodology_drc_routed.rpx
Command: report_methodology -file CheminDesDonnees_methodology_drc_routed.rpt -pb CheminDesDonnees_methodology_drc_routed.pb -rpx CheminDesDonnees_methodology_drc_routed.rpx
INFO: [Timing 38-35] Done setting XDC timing constraints.
INFO: [Timing 38-35] Done setting XDC timing constraints.
INFO: [DRC 23-133] Running Methodology with 8 threads
INFO: [Coretcl 2-1520] The results of Report Methodology are in file /home/omre/4A/projetAutomEtHW/projet/Systeme_info/Systeme_info/PartieHardware/PartieHW/PartieHW.runs/impl_1/CheminDesDonnees_methodology_drc_routed.rpt.
report_methodology completed successfully
INFO: [runtcl-4] Executing : report_power -file CheminDesDonnees_power_routed.rpt -pb CheminDesDonnees_power_summary_routed.pb -rpx CheminDesDonnees_power_routed.rpx
Command: report_power -file CheminDesDonnees_power_routed.rpt -pb CheminDesDonnees_power_summary_routed.pb -rpx CheminDesDonnees_power_routed.rpx
INFO: [Timing 38-35] Done setting XDC timing constraints.
Running Vector-less Activity Propagation...

Finished Running Vector-less Activity Propagation
65 Infos, 0 Warnings, 0 Critical Warnings and 0 Errors encountered.
report_power completed successfully
INFO: [runtcl-4] Executing : report_route_status -file CheminDesDonnees_route_status.rpt -pb CheminDesDonnees_route_status.pb
INFO: [runtcl-4] Executing : report_timing_summary -max_paths 10 -file CheminDesDonnees_timing_summary_routed.rpt -pb CheminDesDonnees_timing_summary_routed.pb -rpx CheminDesDonnees_timing_summary_routed.rpx -warn_on_violation 
INFO: [Timing 38-91] UpdateTimingParams: Speed grade: -1, Delay Type: min_max, Timing Stage: Requireds.
INFO: [Timing 38-191] Multithreading enabled for timing update using a maximum of 8 CPUs
INFO: [runtcl-4] Executing : report_incremental_reuse -file CheminDesDonnees_incremental_reuse_routed.rpt
INFO: [Vivado_Tcl 4-545] No incremental reuse to report, no incremental placement and routing data was found.
INFO: [runtcl-4] Executing : report_clock_utilization -file CheminDesDonnees_clock_utilization_routed.rpt
INFO: [runtcl-4] Executing : report_bus_skew -warn_on_violation -file CheminDesDonnees_bus_skew_routed.rpt -pb CheminDesDonnees_bus_skew_routed.pb -rpx CheminDesDonnees_bus_skew_routed.rpx
INFO: [Timing 38-91] UpdateTimingParams: Speed grade: -1, Delay Type: min_max, Timing Stage: Requireds.
INFO: [Timing 38-191] Multithreading enabled for timing update using a maximum of 8 CPUs
INFO: [Common 17-206] Exiting Vivado at Wed May 11 10:23:22 2022...
